Unable to capture context for thread 83640 in process 80788, can not generate back trace
Exception at PC 0x00007FFCDA0ABB93
Printing stacktrace...

[0]  [0x00007FFCDA0ABB93]
[1]  [0x00007FFCDA0ABB93]
[2]  [0x00007FFCDA0AB4A1]
[3]  [0x00007FFCDA0AB3EF]
[4]  [0x00007FFCDA0919FE]
[5]  [0x00007FFCDA090ED1]
[6]  [0x00007FFCDA090D76]
[7]  [0x00007FFCDA0379F6]
[8]  [0x00007FFCDA027AFB]
[9]  [0x00007FFCDA14E90A]
[10]  [0x00007FFCDA169F87]
[11]  [0x00007FFCDA16A05F]
[12] (BaseThreadInitThunk+0x14) [0x00007FFD7B2D1FE4]
[13] (RtlUserThreadStart+0x21) [0x00007FFD7BB4EFB1]
Done
Exception at PC 0x00007FFCD9DB1A52
Attemped to write at address 0x00007FFD22C7ABA4
Printing stacktrace...

[0]  [0x00007FFCD9DB1A52]
[1]  [0x00007FFCD9DB1A52]
[2]  [0x00007FFCD9DB1AD4]
[3]  [0x00007FFCD9EF3FF7]
[4]  [0x00007FFCD9DD9128]
[5]  [0x00007FFCDA08DFB9]
[6]  [0x00007FFCDA25EF23]
[7]  [0x00007FFCDA16B06B]
[8]  [0x00007FFCDA1608AF]
[9]  [0x00007FFCDA160A32]
[10] (RtlDeactivateActivationContextUnsafeFast+0x1b3) [0x00007FFD7BAF1493]
[11] (LdrShutdownProcess+0x125) [0x00007FFD7BB206B5]
[12] (RtlExitUserProcess+0xb4) [0x00007FFD7BB20574]
[13] (ExitProcess+0xa) [0x00007FFD7B2CF06A]
[14] (exit+0x75) [0x00007FFD7B779B25]
[15] (initterm_e+0x21d) [0x00007FFD7B77A16D]
[16]  [0x00000000004014CD]
[17]  [0x000000000040151B]
[18] (BaseThreadInitThunk+0x14) [0x00007FFD7B2D1FE4]
[19] (RtlUserThreadStart+0x21) [0x00007FFD7BB4EFB1]
Done
