INFO: [VRFC 10-163] Analyzing VHDL file "C:/Users/dgaiero/Documents/School/College/Year_2/Quarter_2/CPE_233/RAT_5/VIVADO/RAT_5.srcs/sources_1/new/ALU.vhd" into library xil_defaultlib
INFO: [VRFC 10-307] analyzing entity ALU
INFO: [VRFC 10-163] Analyzing VHDL file "C:/Users/dgaiero/Documents/School/College/Year_2/Quarter_2/CPE_233/RAT_5/VIVADO/RAT_5.srcs/sources_1/new/ALU_MUX.vhd" into library xil_defaultlib
INFO: [VRFC 10-307] analyzing entity ALU_MUX
INFO: [VRFC 10-163] Analyzing VHDL file "C:/Users/dgaiero/Documents/School/College/Year_2/Quarter_2/CPE_233/RAT_5/VIVADO/RAT_5.srcs/sources_1/new/CONTROL_UNIT.vhd" into library xil_defaultlib
INFO: [VRFC 10-307] analyzing entity CONTROL_UNIT
INFO: [VRFC 10-163] Analyzing VHDL file "C:/Users/dgaiero/Documents/School/College/Year_2/Quarter_2/CPE_233/RAT_5/VIVADO/RAT_5.srcs/sources_1/new/C_FLAG_FF.vhd" into library xil_defaultlib
INFO: [VRFC 10-307] analyzing entity C_FLAG_FF
INFO: [VRFC 10-163] Analyzing VHDL file "C:/Users/dgaiero/Documents/School/College/Year_2/Quarter_2/CPE_233/RAT_5/VIVADO/RAT_5.srcs/sources_1/new/FLAGS.vhd" into library xil_defaultlib
INFO: [VRFC 10-307] analyzing entity FLAGS
INFO: [VRFC 10-163] Analyzing VHDL file "C:/Users/dgaiero/Documents/School/College/Year_2/Quarter_2/CPE_233/RAT_5/VIVADO/RAT_5.srcs/sources_1/new/REG_FILE.vhd" into library xil_defaultlib
INFO: [VRFC 10-307] analyzing entity REG_FILE
INFO: [VRFC 10-163] Analyzing VHDL file "C:/Users/dgaiero/Documents/School/College/Year_2/Quarter_2/CPE_233/RAT_5/VIVADO/RAT_5.srcs/sources_1/new/REG_MUX.vhd" into library xil_defaultlib
INFO: [VRFC 10-307] analyzing entity REG_MUX
INFO: [VRFC 10-163] Analyzing VHDL file "C:/Users/dgaiero/Documents/School/College/Year_2/Quarter_2/CPE_233/RAT_5/VIVADO/RAT_5.srcs/sources_1/new/Z_FLAG_FF.vhd" into library xil_defaultlib
INFO: [VRFC 10-307] analyzing entity Z_FLAG_FF
INFO: [VRFC 10-163] Analyzing VHDL file "C:/Users/dgaiero/Documents/School/College/Year_2/Quarter_2/CPE_233/RAT_5/VIVADO/RAT_5.srcs/sources_1/new/pc_mux.vhd" into library xil_defaultlib
INFO: [VRFC 10-307] analyzing entity pc_mux
INFO: [VRFC 10-163] Analyzing VHDL file "C:/Users/dgaiero/Documents/School/College/Year_2/Quarter_2/CPE_233/RAT_5/ASSEMBLY/prog_rom.vhd" into library xil_defaultlib
INFO: [VRFC 10-307] analyzing entity prog_rom
INFO: [VRFC 10-163] Analyzing VHDL file "C:/Users/dgaiero/Documents/School/College/Year_2/Quarter_2/CPE_233/RAT_5/VIVADO/RAT_5.srcs/sources_1/new/program_counter.vhd" into library xil_defaultlib
INFO: [VRFC 10-307] analyzing entity program_counter
INFO: [VRFC 10-163] Analyzing VHDL file "C:/Users/dgaiero/Documents/School/College/Year_2/Quarter_2/CPE_233/RAT_5/VIVADO/RAT_5.srcs/sources_1/new/RAT_MCU.vhd" into library xil_defaultlib
INFO: [VRFC 10-307] analyzing entity RAT_MCU
