Vivado Simulator 2017.2
Copyright 1986-1999, 2001-2016 Xilinx, Inc. All Rights Reserved.
Running: C:/Xilinx_Vivado/Vivado/2017.2/bin/unwrapped/win64.o/xelab.exe -wto 70478705404e4b06a2e6b202382b1852 --debug typical --relax --mt 2 -L xil_defaultlib -L secureip --snapshot test_bench_behav xil_defaultlib.test_bench -log elaborate.log 
Using 2 slave threads.
Starting static elaboration
Completed static elaboration
Starting simulation data flow analysis
Completed simulation data flow analysis
Time Resolution for simulation is 1ps
Compiling package std.standard
Compiling package std.textio
Compiling package ieee.std_logic_1164
Compiling package ieee.numeric_std
Compiling package ieee.std_logic_arith
Compiling package ieee.std_logic_unsigned
Compiling package unisim.vcomponents
Compiling package ieee.std_logic_signed
Compiling package ieee.vital_timing
Compiling package ieee.vital_primitives
Compiling package unisim.vpkg
Compiling package ieee.std_logic_textio
Compiling architecture behavioral of entity xil_defaultlib.pc_mux [pc_mux_default]
Compiling architecture behavioral of entity xil_defaultlib.program_counter [program_counter_default]
Compiling architecture rb18_internal_vhdl_v of entity unisim.RB18_INTERNAL_VHDL [\RB18_INTERNAL_VHDL(bram_size=18...]
Compiling architecture ramb18e1_v of entity unisim.RAMB18E1 [\RAMB18E1(initp_00="000000000000...]
Compiling architecture ramb16_s18_v of entity unisim.RAMB16_S18 [\RAMB16_S18(initp_00="0000000000...]
Compiling architecture low_level_definition of entity xil_defaultlib.prog_rom [prog_rom_default]
Compiling architecture behavioral of entity xil_defaultlib.PC_WRAPPER [pc_wrapper_default]
Compiling architecture behavior of entity xil_defaultlib.test_bench
Built simulation snapshot test_bench_behav
