#-----------------------------------------------------------
# Vivado v2017.2 (64-bit)
# SW Build 1909853 on Thu Jun 15 18:39:09 MDT 2017
# IP Build 1909766 on Thu Jun 15 19:58:00 MDT 2017
# Start of session at: Sat Mar 17 21:34:47 2018
# Process ID: 1464
# Current directory: C:/Users/edavis/Documents/CPE_233/RGB_LED/VIVADO
# Command line: vivado.exe -gui_launcher_event rodinguilauncherevent8068 C:\Users\edavis\Documents\CPE_233\RGB_LED\VIVADO\RGB_LED.xpr
# Log file: C:/Users/edavis/Documents/CPE_233/RGB_LED/VIVADO/vivado.log
# Journal file: C:/Users/edavis/Documents/CPE_233/RGB_LED/VIVADO\vivado.jou
#-----------------------------------------------------------
start_gui
open_project C:/Users/edavis/Documents/CPE_233/RGB_LED/VIVADO/RGB_LED.xpr
INFO: [Project 1-313] Project file moved from 'C:/Users/dgaiero/Documents/School/College/Year_2/Quarter_2/CPE_233/RGB_LED/VIVADO' since last save.
Scanning sources...
Finished scanning sources
WARNING: [filemgmt 56-2] IPUserFilesDir: Could not find the directory 'C:/Users/edavis/Documents/CPE_233/RGB_LED/VIVADO/RGB_LED.ip_user_files', nor could it be found using path 'C:/Users/dgaiero/Documents/School/College/Year_2/Quarter_2/CPE_233/RGB_LED/VIVADO/RGB_LED.ip_user_files'.
INFO: [IP_Flow 19-234] Refreshing IP repositories
INFO: [IP_Flow 19-1704] No user IP repositories specified
INFO: [IP_Flow 19-2313] Loaded Vivado IP repository 'C:/Xilinx_Vivado/Vivado/2017.2/data/ip'.
open_project: Time (s): cpu = 00:00:12 ; elapsed = 00:00:05 . Memory (MB): peak = 723.887 ; gain = 72.488
exit
INFO: [Common 17-206] Exiting Vivadimport_files -norecurse C:/Users/edavis/Documents/CPE_233/HW_1/VIVADO/HW_1.srcs/sources_1/new/PWM.vhd
update_compile_order -fileset sources_1
update_compile_order -fileset sources_1
exit
INFO: [Common 17-206] Exiting Vivado at Sat Mar 17 22:49:09 2018...
