#-----------------------------------------------------------
# Vivado v2017.2 (64-bit)
# SW Build 1909853 on Thu Jun 15 18:39:09 MDT 2017
# IP Build 1909766 on Thu Jun 15 19:58:00 MDT 2017
# Start of session at: Sun Mar 18 15:03:00 2018
# Process ID: 10144
# Current directory: C:/Users/edavis/Documents/CPE_233/RGB_LED/VIVADO
# Command line: vivado.exe -gui_launcher_event rodinguilauncherevent15324 C:\Users\edavis\Documents\CPE_233\RGB_LED\VIVADO\RGB_LED.xpr
# Log file: C:/Users/edavis/Documents/CPE_233/RGB_LED/VIVADO/vivado.log
# Journal file: C:/Users/edavis/Documents/CPE_233/RGB_LED/VIVADO\vivado.jou
#-----------------------------------------------------------
start_gui
open_project C:/Users/edavis/Documents/CPE_233/RGB_LED/VIVADO/RGB_LED.xpr
Scanning sources...
Finished scanning sources
WARNING: [filemgmt 56-3] IPUserFilesDir: Could not find the directory 'C:/Users/edavis/Documents/CPE_233/RGB_LED/VIVADO/RGB_LED.ip_user_files'.
INFO: [IP_Flow 19-234] Refreshing IP repositories
INFO: [IP_Flow 19-1704] No user IP repositories specified
INFO: [IP_Flow 19-2313] Loaded Vivado IP repository 'C:/Xilinx_Vivado/Vivado/2017.2/data/ip'.
open_project: Time (s): cpu = 00:00:14 ; elapsed = 00:00:09 . Memory (MB): peak = 702.238 ; gain = 88.539
update_compile_order -fileset sources_1
open_hw
connect_hw_server
INFO: [Labtools 27-2285] Connecting to hw_server url TCP:localhost:3121
INFO: [Labtools 27-2222] Launching hw_server...
INFO: [Labtools 27-2221] Launch Output:

****** Xilinx hw_server v2017.2
  **** Build date : Jun 15 2017-18:53:26
    ** Copyright 1986-2017 Xilinx, Inc. All Rights Reserved.


open_hw_target
INFO: [Labtoolstcl 44-466] Opening hw_target localhost:3121/xilinx_tcf/Digilent/210183A4D958A
set_property PROGRAM.FILE {C:/Users/edavis/Documents/CPE_233/RGB_LED/VIVADO/RGB_LED.runs/impl_1/RAT_wrapper.bit} [get_hw_devices xc7a35t_0]
current_hw_device [get_hw_devices xc7a35t_0]
refresh_hw_device -update_hw_probes false [lindex [get_hw_devices xc7a35t_0] 0]
INFO: [Labtools 27-1434] Device xc7a35t (JTAG device index = 0) is programmed with a design that has no supported debug core(s) in it.
WARNING: [Labtools 27-3361] The debug hub core was not detected.
Resolution: 
1. Make sure the clock connected to the debug hub (dbg_hub) core is a free running clock and is active.
2. Make sure the BSCAN_SWITCH_USER_MASK device property in Vivado Hardware Manager reflects the user scan chain setting in the design and refresh the device.  To determine the user scan chain setting in the design, open the implemented design and use 'get_property C_USER_SCAN_CHAIN [get_debug_cores dbg_hub]'.
For more details on setting the scan chain property, consult the Vivado Debug and Programming User Guide (UG908).
set_property PROBES.FILE {} [get_hw_devices xc7a35t_0]
set_property FULL_PROBES.FILE {} [get_hw_devices xc7a35t_0]
set_property PROGRAM.FILE {C:/Users/edavis/Documents/CPE_233/RGB_LED/VIVADO/RGB_LED.runs/impl_1/RAT_wrapper.bit} [get_hw_devices xc7a35t_0]
program_hw_devices [get_hw_devices xc7a35t_0]
INFO: [Labtools 27-3164] End of startup status: HIGH
refresh_hw_device [lindex [get_hw_devices xc7a35t_0] 0]
INFO: [Labtools 27-1434] Device xc7a35t (JTAG device index = 0) is programmed with a design that has no supported debug core(s) in it.
WARNING: [Labtools 27-3361] The debug hub core was not detected.
Resolution: 
1. Make sure the clock connected to the debug hub (dbg_hub) core is a free running clock and is active.
2. Make sure the BSCAN_SWITCH_USER_MASK device property in Vivado Hardware Manager reflects the user scan chain setting in the design and refresh the device.  To determine the user scan chain setting in the design, open the implemented design and use 'get_property C_USER_SCAN_CHAIN [get_debug_cores dbg_hub]'.
For more details on setting the scan chain property, consult the Vivado Debug and Programming User Guide (UG908).
close_hw
update_compile_order -fileset sources_1
reset_run synth_1
launch_runs impl_1 -to_step write_bitstream -jobs 4
[Sun Mar 18 15:09:20 2018] Launched synth_1...
Run output will be captured here: C:/Users/edavis/Documents/CPE_233/RGB_LED/VIVADO/RGB_LED.runs/synth_1/runme.log
[Sun Mar 18 15:09:20 2018] Launched impl_1...
Run output will be captured here: C:/Users/edavis/Documents/CPE_233/RGB_LED/VIVADO/RGB_LED.runs/impl_1/runme.log
open_hw
connect_hw_server
INFO: [Labtools 27-2285] Connecting to hw_server url TCP:localhost:3121
INFO: [Labtools 27-2222] Launching hw_server...
INFO: [Labtools 27-2221] Launch Output:

****** Xilinx hw_server v2017.2
  **** Build date : Jun 15 2017-18:53:26
    ** Copyright 1986-2017 Xilinx, Inc. All Rights Reserved.


open_hw_target
INFO: [Labtoolstcl 44-466] Opening hw_target localhost:3121/xilinx_tcf/Digilent/210183A4D958A
set_property PROGRAM.FILE {C:/Users/edavis/Documents/CPE_233/RGB_LED/VIVADO/RGB_LED.runs/impl_1/RAT_wrapper.bit} [get_hw_devices xc7a35t_0]
current_hw_device [get_hw_devices xc7a35t_0]
refresh_hw_device -update_hw_probes false [lindex [get_hw_devices xc7a35t_0] 0]
INFO: [Labtools 27-1434] Device xc7a35t (JTAG device index = 0) is programmed with a design that has no supported debug core(s) in it.
WARNING: [Labtools 27-3361] The debug hub core was not detected.
Resolution: 
1. Make sure the clock connected to the debug hub (dbg_hub) core is a free running clock and is active.
2. Make sure the BSCAN_SWITCH_USER_MASK device property in Vivado Hardware Manager reflects the user scan chain setting in the design and refresh the device.  To determine the user scan chain setting in the design, open the implemented design and use 'get_property C_USER_SCAN_CHAIN [get_debug_cores dbg_hub]'.
For more details on setting the scan chain property, consult the Vivado Debug and Programming User Guide (UG908).
set_property PROBES.FILE {} [get_hw_devices xc7a35t_0]
set_property FULL_PROBES.FILE {} [get_hw_devices xc7a35t_0]
set_property PROGRAM.FILE {C:/Users/edavis/Documents/CPE_233/RGB_LED/VIVADO/RGB_LED.runs/impl_1/RAT_wrapper.bit} [get_hw_devices xc7a35t_0]
program_hw_devices [get_hw_devices xc7a35t_0]
INFO: [Labtools 27-3164] End of startup status: HIGH
refresh_hw_device [lindex [get_hw_devices xc7a35t_0] 0]
INFO: [Labtools 27-1434] Device xc7a35t (JTAG device index = 0) is programmed with a design that has no supported debug core(s) in it.
WARNING: [Labtools 27-3361] The debug hub core was not detected.
Resolution: 
1. Make sure the clock connected to the debug hub (dbg_hub) core is a free running clock and is active.
2. Make sure the BSCAN_SWITCH_USER_MASK device property in Vivado Hardware Manager reflects the user scan chain setting in the design and refresh the device.  To determine the user scan chain setting in the design, open the implemented design and use 'get_property C_USER_SCAN_CHAIN [get_debug_cores dbg_hub]'.
For more details on setting the scan chain property, consult the Vivado Debug and Programming User Guide (UG908).
update_compile_order -fileset sources_1
reset_run synth_1
launch_runs impl_1 -to_step write_bitstream -jobs 4
[Sun Mar 18 15:14:18 2018] Launched synth_1...
Run output will be captured here: C:/Users/edavis/Documents/CPE_233/RGB_LED/VIVADO/RGB_LED.runs/synth_1/runme.log
[Sun Mar 18 15:14:18 2018] Launched impl_1...
Run output will be captured here: C:/Users/edavis/Documents/CPE_233/RGB_LED/VIVADO/RGB_LED.runs/impl_1/runme.log
set_property PROBES.FILE {} [get_hw_devices xc7a35t_0]
set_property FULL_PROBES.FILE {} [get_hw_devices xc7a35t_0]
set_property PROGRAM.FILE {C:/Users/edavis/Documents/CPE_233/RGB_LED/VIVADO/RGB_LED.runs/impl_1/RAT_wrapper.bit} [get_hw_devices xc7a35t_0]
program_hw_devices [get_hw_devices xc7a35t_0]
INFO: [Labtools 27-3164] End of startup status: HIGH
refresh_hw_device [lindex [get_hw_devices xc7a35t_0] 0]
INFO: [Labtools 27-1434] Device xc7a35t (JTAG device index = 0) is programmed with a design that has no supported debug core(s) in it.
WARNING: [Labtools 27-3361] The debug hub core was not detected.
Resolution: 
1. Make sure the clock connected to the debug hub (dbg_hub) core is a free running clock and is active.
2. Make sure the BSCAN_SWITCH_USER_MASK device property in Vivado Hardware Manager reflects the user scan chain setting in the design and refresh the device.  To determine the user scan chain setting in the design, open the implemented design and use 'get_property C_USER_SCAN_CHAIN [get_debug_cores dbg_hub]'.
For more details on setting the scan chain property, consult the Vivado Debug and Programming User Guide (UG908).
reset_run synth_1
launch_runs impl_1 -to_step write_bitstream -jobs 4
[Sun Mar 18 15:19:29 2018] Launched synth_1...
Run output will be captured here: C:/Users/edavis/Documents/CPE_233/RGB_LED/VIVADO/RGB_LED.runs/synth_1/runme.log
[Sun Mar 18 15:19:29 2018] Launched impl_1...
Run output will be captured here: C:/Users/edavis/Documents/CPE_233/RGB_LED/VIVADO/RGB_LED.runs/impl_1/runme.log
set_property PROBES.FILE {} [get_hw_devices xc7a35t_0]
set_property FULL_PROBES.FILE {} [get_hw_devices xc7a35t_0]
set_property PROGRAM.FILE {C:/Users/edavis/Documents/CPE_233/RGB_LED/VIVADO/RGB_LED.runs/impl_1/RAT_wrapper.bit} [get_hw_devices xc7a35t_0]
program_hw_devices [get_hw_devices xc7a35t_0]
INFO: [Labtools 27-3164] End of startup status: HIGH
refresh_hw_device [lindex [get_hw_devices xc7a35t_0] 0]
INFO: [Labtools 27-1434] Device xc7a35t (JTAG device index = 0) is programmed with a design that has no supported debug core(s) in it.
WARNING: [Labtools 27-3361] The debug hub core was not detected.
Resolution: 
1. Make sure the clock connected to the debug hub (dbg_hub) core is a free running clock and is active.
2. Make sure the BSCAN_SWITCH_USER_MASK device property in Vivado Hardware Manager reflects the user scan chain setting in the design and refresh the device.  To determine the user scan chain setting in the design, open the implemented design and use 'get_property C_USER_SCAN_CHAIN [get_debug_cores dbg_hub]'.
For more details on setting the scan chain property, consult the Vivado Debug and Programming User Guide (UG908).
synth_design -rtl -name rtl_1
Command: synth_design -rtl -name rtl_1
Starting synth_design
Using part: xc7a35tcpg236-1
Top: RAT_wrapper
---------------------------------------------------------------------------------
Starting RTL Elaboration : Time (s): cpu = 00:00:04 ; elapsed = 00:00:04 . Memory (MB): peak = 1014.879 ; gain = 82.871
---------------------------------------------------------------------------------
INFO: [Synth 8-638] synthesizing module 'RAT_wrapper' [C:/Users/edavis/Documents/CPE_233/RGB_LED/SRC/RAT_WRAPPER.vhd:32]
INFO: [Synth 8-3491] module 'RAT_MCU' declared at 'C:/Users/edavis/Documents/CPE_233/RGB_LED/SRC/RAT_MCU.vhd:16' bound to instance 'CPU' of component 'RAT_MCU' [C:/Users/edavis/Documents/CPE_233/RGB_LED/SRC/RAT_WRAPPER.vhd:156]
INFO: [Synth 8-638] synthesizing module 'RAT_MCU' [C:/Users/edavis/Documents/CPE_233/RGB_LED/SRC/RAT_MCU.vhd:29]
INFO: [Synth 8-3491] module 'CONTROL_UNIT' declared at 'C:/Users/edavis/Documents/CPE_233/RGB_LED/SRC/CONTROL_UNIT.vhd:29' bound to instance 'CU' of component 'CONTROL_UNIT' [C:/Users/edavis/Documents/CPE_233/RGB_LED/SRC/RAT_MCU.vhd:284]
INFO: [Synth 8-638] synthesizing module 'CONTROL_UNIT' [C:/Users/edavis/Documents/CPE_233/RGB_LED/SRC/CONTROL_UNIT.vhd:63]
INFO: [Synth 8-226] default block is never used [C:/Users/edavis/Documents/CPE_233/RGB_LED/SRC/CONTROL_UNIT.vhd:113]
INFO: [Synth 8-256] done synthesizing module 'CONTROL_UNIT' (1#1) [C:/Users/edavis/Documents/CPE_233/RGB_LED/SRC/CONTROL_UNIT.vhd:63]
INFO: [Synth 8-3491] module 'INTURREPT_WRAPPER' declared at 'C:/Users/edavis/Documents/CPE_233/RGB_LED/SRC/INTURREPT_WRAPPER.vhd:12' bound to instance 'INTURREPT_WRAPPER_i' of component 'INTURREPT_WRAPPER' [C:/Users/edavis/Documents/CPE_233/RGB_LED/SRC/RAT_MCU.vhd:319]
INFO: [Synth 8-638] synthesizing module 'INTURREPT_WRAPPER' [C:/Users/edavis/Documents/CPE_233/RGB_LED/SRC/INTURREPT_WRAPPER.vhd:22]
INFO: [Synth 8-3491] module 'I_FLAG_FF' declared at 'C:/Users/edavis/Documents/CPE_233/RGB_LED/SRC/I_FLAG.vhd:12' bound to instance 'I_FLAG_FF_i' of component 'I_FLAG_FF' [C:/Users/edavis/Documents/CPE_233/RGB_LED/SRC/INTURREPT_WRAPPER.vhd:37]
INFO: [Synth 8-638] synthesizing module 'I_FLAG_FF' [C:/Users/edavis/Documents/CPE_233/RGB_LED/SRC/I_FLAG.vhd:22]
INFO: [Synth 8-256] done synthesizing module 'I_FLAG_FF' (2#1) [C:/Users/edavis/Documents/CPE_233/RGB_LED/SRC/I_FLAG.vhd:22]
INFO: [Synth 8-256] done synthesizing module 'INTURREPT_WRAPPER' (3#1) [C:/Users/edavis/Documents/CPE_233/RGB_LED/SRC/INTURREPT_WRAPPER.vhd:22]
INFO: [Synth 8-3491] module 'FLAGS' declared at 'C:/Users/edavis/Documents/CPE_233/RGB_LED/SRC/FLAGS.vhd:13' bound to instance 'FLAGS_i' of component 'FLAGS' [C:/Users/edavis/Documents/CPE_233/RGB_LED/SRC/RAT_MCU.vhd:329]
INFO: [Synth 8-638] synthesizing module 'FLAGS' [C:/Users/edavis/Documents/CPE_233/RGB_LED/SRC/FLAGS.vhd:30]
INFO: [Synth 8-3491] module 'C_FLG_MUX' declared at 'C:/Users/edavis/Documents/CPE_233/RGB_LED/SRC/C_FLG_MUX.vhd:15' bound to instance 'C_FLG_MUX_i' of component 'C_FLG_MUX' [C:/Users/edavis/Documents/CPE_233/RGB_LED/SRC/FLAGS.vhd:100]
INFO: [Synth 8-638] synthesizing module 'C_FLG_MUX' [C:/Users/edavis/Documents/CPE_233/RGB_LED/SRC/C_FLG_MUX.vhd:22]
INFO: [Synth 8-256] done synthesizing module 'C_FLG_MUX' (4#1) [C:/Users/edavis/Documents/CPE_233/RGB_LED/SRC/C_FLG_MUX.vhd:22]
INFO: [Synth 8-3491] module 'C_FLAG_FF' declared at 'C:/Users/edavis/Documents/CPE_233/RGB_LED/SRC/C_FLAG_FF.vhd:22' bound to instance 'C_FLAG_FF_i' of component 'C_FLAG_FF' [C:/Users/edavis/Documents/CPE_233/RGB_LED/SRC/FLAGS.vhd:108]
INFO: [Synth 8-638] synthesizing module 'C_FLAG_FF' [C:/Users/edavis/Documents/CPE_233/RGB_LED/SRC/C_FLAG_FF.vhd:34]
INFO: [Synth 8-256] done synthesizing module 'C_FLAG_FF' (5#1) [C:/Users/edavis/Documents/CPE_233/RGB_LED/SRC/C_FLAG_FF.vhd:34]
INFO: [Synth 8-3491] module 'SHAD_C' declared at 'C:/Users/edavis/Documents/CPE_233/RGB_LED/SRC/SHAD_C.vhd:12' bound to instance 'SHAD_C_i' of component 'SHAD_C' [C:/Users/edavis/Documents/CPE_233/RGB_LED/SRC/FLAGS.vhd:119]
INFO: [Synth 8-638] synthesizing module 'SHAD_C' [C:/Users/edavis/Documents/CPE_233/RGB_LED/SRC/SHAD_C.vhd:22]
INFO: [Synth 8-256] done synthesizing module 'SHAD_C' (6#1) [C:/Users/edavis/Documents/CPE_233/RGB_LED/SRC/SHAD_C.vhd:22]
INFO: [Synth 8-3491] module 'Z_FLAG_FF' declared at 'C:/Users/edavis/Documents/CPE_233/RGB_LED/SRC/Z_FLAG_FF.vhd:13' bound to instance 'Z_FLAG_FF_i' of component 'Z_FLAG_FF' [C:/Users/edavis/Documents/CPE_233/RGB_LED/SRC/FLAGS.vhd:128]
INFO: [Synth 8-638] synthesizing module 'Z_FLAG_FF' [C:/Users/edavis/Documents/CPE_233/RGB_LED/SRC/Z_FLAG_FF.vhd:23]
INFO: [Synth 8-256] done synthesizing module 'Z_FLAG_FF' (7#1) [C:/Users/edavis/Documents/CPE_233/RGB_LED/SRC/Z_FLAG_FF.vhd:23]
INFO: [Synth 8-3491] module 'Z_FLG_MUX' declared at 'C:/Users/edavis/Documents/CPE_233/RGB_LED/SRC/Z_FLG_MUX.vhd:15' bound to instance 'Z_FLAG_MUX_i' of component 'Z_FLG_MUX' [C:/Users/edavis/Documents/CPE_233/RGB_LED/SRC/FLAGS.vhd:137]
INFO: [Synth 8-638] synthesizing module 'Z_FLG_MUX' [C:/Users/edavis/Documents/CPE_233/RGB_LED/SRC/Z_FLG_MUX.vhd:22]
INFO: [Synth 8-256] done synthesizing module 'Z_FLG_MUX' (8#1) [C:/Users/edavis/Documents/CPE_233/RGB_LED/SRC/Z_FLG_MUX.vhd:22]
INFO: [Synth 8-3491] module 'SHAD_Z' declared at 'C:/Users/edavis/Documents/CPE_233/RGB_LED/SRC/SHAD_Z.vhd:11' bound to instance 'SHAD_Z_i' of component 'SHAD_Z' [C:/Users/edavis/Documents/CPE_233/RGB_LED/SRC/FLAGS.vhd:145]
INFO: [Synth 8-638] synthesizing module 'SHAD_Z' [C:/Users/edavis/Documents/CPE_233/RGB_LED/SRC/SHAD_Z.vhd:21]
INFO: [Synth 8-256] done synthesizing module 'SHAD_Z' (9#1) [C:/Users/edavis/Documents/CPE_233/RGB_LED/SRC/SHAD_Z.vhd:21]
WARNING: [Synth 8-3848] Net Z_FLAG_TEMP in module/entity FLAGS does not have driver. [C:/Users/edavis/Documents/CPE_233/RGB_LED/SRC/FLAGS.vhd:95]
INFO: [Synth 8-256] done synthesizing module 'FLAGS' (10#1) [C:/Users/edavis/Documents/CPE_233/RGB_LED/SRC/FLAGS.vhd:30]
INFO: [Synth 8-3491] module 'REG_FILE' declared at 'C:/Users/edavis/Documents/CPE_233/RGB_LED/SRC/REG_FILE.vhd:14' bound to instance 'REG_FILE_i' of component 'REG_FILE' [C:/Users/edavis/Documents/CPE_233/RGB_LED/SRC/RAT_MCU.vhd:344]
INFO: [Synth 8-638] synthesizing module 'REG_FILE' [C:/Users/edavis/Documents/CPE_233/RGB_LED/SRC/REG_FILE.vhd:26]
INFO: [Synth 8-256] done synthesizing module 'REG_FILE' (11#1) [C:/Users/edavis/Documents/CPE_233/RGB_LED/SRC/REG_FILE.vhd:26]
INFO: [Synth 8-3491] module 'REG_MUX' declared at 'C:/Users/edavis/Documents/CPE_233/RGB_LED/SRC/REG_MUX.vhd:11' bound to instance 'REG_MUX_i' of component 'REG_MUX' [C:/Users/edavis/Documents/CPE_233/RGB_LED/SRC/RAT_MCU.vhd:356]
INFO: [Synth 8-638] synthesizing module 'REG_MUX' [C:/Users/edavis/Documents/CPE_233/RGB_LED/SRC/REG_MUX.vhd:21]
INFO: [Synth 8-256] done synthesizing module 'REG_MUX' (12#1) [C:/Users/edavis/Documents/CPE_233/RGB_LED/SRC/REG_MUX.vhd:21]
INFO: [Synth 8-3491] module 'prog_rom' declared at 'C:/Users/edavis/Documents/CPE_233/RGB_LED/SRC/prog_rom.vhd:21' bound to instance 'prog_rom_i' of component 'prog_rom' [C:/Users/edavis/Documents/CPE_233/RGB_LED/SRC/RAT_MCU.vhd:366]
INFO: [Synth 8-638] synthesizing module 'prog_rom' [C:/Users/edavis/Documents/CPE_233/RGB_LED/SRC/prog_rom.vhd:29]
	Parameter INIT bound to: 20'b00000000000000000000 
	Parameter INITP_00 bound to: 256'b0000000000000000000000000000000000000000000000000000000000000000000000000000000000000000000000000000000000000000000000000000000000000000000000000000000000000000000000000000000000000000000000000000000000000111100011111100000000000000001100110011001111110100 
	Parameter INITP_01 bound to: 256'b0000000000000000000000000000000000000000000000000000000000000000000000000000000000000000000000000000000000000000000000000000000000000000000000000000000000000000000000000000000000000000000000000000000000000000000000000000000000000000000000000000000000000000 
	Parameter INITP_02 bound to: 256'b0000000000000000000000000000000000000000000000000000000000000000000000000000000000000000000000000000000000000000000000000000000000000000000000000000000000000000000000000000000000000000000000000000000000000000000000000000000000000000000000000000000000000000 
	Parameter INITP_03 bound to: 256'b0000000000000000000000000000000000000000000000000000000000000000000000000000000000000000000000000000000000000000000000000000000000000000000000000000000000000000000000000000000000000000000000000000000000000000000000000000000000000000000000000000000000000000 
	Parameter INITP_04 bound to: 256'b0000000000000000000000000000000000000000000000000000000000000000000000000000000000000000000000000000000000000000000000000000000000000000000000000000000000000000000000000000000000000000000000000000000000000000000000000000000000000000000000000000000000000000 
	Parameter INITP_05 bound to: 256'b0000000000000000000000000000000000000000000000000000000000000000000000000000000000000000000000000000000000000000000000000000000000000000000000000000000000000000000000000000000000000000000000000000000000000000000000000000000000000000000000000000000000000000 
	Parameter INITP_06 bound to: 256'b0000000000000000000000000000000000000000000000000000000000000000000000000000000000000000000000000000000000000000000000000000000000000000000000000000000000000000000000000000000000000000000000000000000000000000000000000000000000000000000000000000000000000000 
	Parameter INITP_07 bound to: 256'b0000000000000000000000000000000000000000000000000000000000000000000000000000000000000000000000000000000000000000000000000000000000000000000000000000000000000000000000000000000000000000000000000000000000000000000000000000000000000000000000000000000000000000 
	Parameter INIT_00 bound to: 256'b0100010000001001100000000001100001000011000010011000000000010000100000001001101000000000000001001000000010001010000000000000001110000000011110100000000000000010100000000110101000000000000000010010000100100000011000000000000010100000000000000000000000000000 
	Parameter INIT_01 bound to: 256'b0000000000000000000000000000000000000000000000000000000000000000000000000000000000000000000000001010000000000011010000001000000110000000000000011000000000010000010001010101010001000100010100110100001101010010100000000001100001000101000010011000000000011000 
	Parameter INIT_02 bound to: 256'b0000000000000000000000000000000000000000000000000000000000000000000000000000000000000000000000000000000000000000000000000000000000000000000000000000000000000000000000000000000000000000000000000000000000000000000000000000000000000000000000000000000000000000 
	Parameter INIT_03 bound to: 256'b0000000000000000000000000000000000000000000000000000000000000000000000000000000000000000000000000000000000000000000000000000000000000000000000000000000000000000000000000000000000000000000000000000000000000000000000000000000000000000000000000000000000000000 
	Parameter INIT_04 bound to: 256'b0000000000000000000000000000000000000000000000000000000000000000000000000000000000000000000000000000000000000000000000000000000000000000000000000000000000000000000000000000000000000000000000000000000000000000000000000000000000000000000000000000000000000000 
	Parameter INIT_05 bound to: 256'b0000000000000000000000000000000000000000000000000000000000000000000000000000000000000000000000000000000000000000000000000000000000000000000000000000000000000000000000000000000000000000000000000000000000000000000000000000000000000000000000000000000000000000 
	Parameter INIT_06 bound to: 256'b0000000000000000000000000000000000000000000000000000000000000000000000000000000000000000000000000000000000000000000000000000000000000000000000000000000000000000000000000000000000000000000000000000000000000000000000000000000000000000000000000000000000000000 
	Parameter INIT_07 bound to: 256'b0000000000000000000000000000000000000000000000000000000000000000000000000000000000000000000000000000000000000000000000000000000000000000000000000000000000000000000000000000000000000000000000000000000000000000000000000000000000000000000000000000000000000000 
	Parameter INIT_08 bound to: 256'b0000000000000000000000000000000000000000000000000000000000000000000000000000000000000000000000000000000000000000000000000000000000000000000000000000000000000000000000000000000000000000000000000000000000000000000000000000000000000000000000000000000000000000 
	Parameter INIT_09 bound to: 256'b0000000000000000000000000000000000000000000000000000000000000000000000000000000000000000000000000000000000000000000000000000000000000000000000000000000000000000000000000000000000000000000000000000000000000000000000000000000000000000000000000000000000000000 
	Parameter INIT_0A bound to: 256'b0000000000000000000000000000000000000000000000000000000000000000000000000000000000000000000000000000000000000000000000000000000000000000000000000000000000000000000000000000000000000000000000000000000000000000000000000000000000000000000000000000000000000000 
	Parameter INIT_0B bound to: 256'b0000000000000000000000000000000000000000000000000000000000000000000000000000000000000000000000000000000000000000000000000000000000000000000000000000000000000000000000000000000000000000000000000000000000000000000000000000000000000000000000000000000000000000 
	Parameter INIT_0C bound to: 256'b0000000000000000000000000000000000000000000000000000000000000000000000000000000000000000000000000000000000000000000000000000000000000000000000000000000000000000000000000000000000000000000000000000000000000000000000000000000000000000000000000000000000000000 
	Parameter INIT_0D bound to: 256'b0000000000000000000000000000000000000000000000000000000000000000000000000000000000000000000000000000000000000000000000000000000000000000000000000000000000000000000000000000000000000000000000000000000000000000000000000000000000000000000000000000000000000000 
	Parameter INIT_0E bound to: 256'b0000000000000000000000000000000000000000000000000000000000000000000000000000000000000000000000000000000000000000000000000000000000000000000000000000000000000000000000000000000000000000000000000000000000000000000000000000000000000000000000000000000000000000 
	Parameter INIT_0F bound to: 256'b0000000000000000000000000000000000000000000000000000000000000000000000000000000000000000000000000000000000000000000000000000000000000000000000000000000000000000000000000000000000000000000000000000000000000000000000000000000000000000000000000000000000000000 
	Parameter INIT_10 bound to: 256'b0000000000000000000000000000000000000000000000000000000000000000000000000000000000000000000000000000000000000000000000000000000000000000000000000000000000000000000000000000000000000000000000000000000000000000000000000000000000000000000000000000000000000000 
	Parameter INIT_11 bound to: 256'b0000000000000000000000000000000000000000000000000000000000000000000000000000000000000000000000000000000000000000000000000000000000000000000000000000000000000000000000000000000000000000000000000000000000000000000000000000000000000000000000000000000000000000 
	Parameter INIT_12 bound to: 256'b0000000000000000000000000000000000000000000000000000000000000000000000000000000000000000000000000000000000000000000000000000000000000000000000000000000000000000000000000000000000000000000000000000000000000000000000000000000000000000000000000000000000000000 
	Parameter INIT_13 bound to: 256'b0000000000000000000000000000000000000000000000000000000000000000000000000000000000000000000000000000000000000000000000000000000000000000000000000000000000000000000000000000000000000000000000000000000000000000000000000000000000000000000000000000000000000000 
	Parameter INIT_14 bound to: 256'b0000000000000000000000000000000000000000000000000000000000000000000000000000000000000000000000000000000000000000000000000000000000000000000000000000000000000000000000000000000000000000000000000000000000000000000000000000000000000000000000000000000000000000 
	Parameter INIT_15 bound to: 256'b0000000000000000000000000000000000000000000000000000000000000000000000000000000000000000000000000000000000000000000000000000000000000000000000000000000000000000000000000000000000000000000000000000000000000000000000000000000000000000000000000000000000000000 
	Parameter INIT_16 bound to: 256'b0000000000000000000000000000000000000000000000000000000000000000000000000000000000000000000000000000000000000000000000000000000000000000000000000000000000000000000000000000000000000000000000000000000000000000000000000000000000000000000000000000000000000000 
	Parameter INIT_17 bound to: 256'b0000000000000000000000000000000000000000000000000000000000000000000000000000000000000000000000000000000000000000000000000000000000000000000000000000000000000000000000000000000000000000000000000000000000000000000000000000000000000000000000000000000000000000 
	Parameter INIT_18 bound to: 256'b0000000000000000000000000000000000000000000000000000000000000000000000000000000000000000000000000000000000000000000000000000000000000000000000000000000000000000000000000000000000000000000000000000000000000000000000000000000000000000000000000000000000000000 
	Parameter INIT_19 bound to: 256'b0000000000000000000000000000000000000000000000000000000000000000000000000000000000000000000000000000000000000000000000000000000000000000000000000000000000000000000000000000000000000000000000000000000000000000000000000000000000000000000000000000000000000000 
	Parameter INIT_1A bound to: 256'b0000000000000000000000000000000000000000000000000000000000000000000000000000000000000000000000000000000000000000000000000000000000000000000000000000000000000000000000000000000000000000000000000000000000000000000000000000000000000000000000000000000000000000 
	Parameter INIT_1B bound to: 256'b0000000000000000000000000000000000000000000000000000000000000000000000000000000000000000000000000000000000000000000000000000000000000000000000000000000000000000000000000000000000000000000000000000000000000000000000000000000000000000000000000000000000000000 
	Parameter INIT_1C bound to: 256'b0000000000000000000000000000000000000000000000000000000000000000000000000000000000000000000000000000000000000000000000000000000000000000000000000000000000000000000000000000000000000000000000000000000000000000000000000000000000000000000000000000000000000000 
	Parameter INIT_1D bound to: 256'b0000000000000000000000000000000000000000000000000000000000000000000000000000000000000000000000000000000000000000000000000000000000000000000000000000000000000000000000000000000000000000000000000000000000000000000000000000000000000000000000000000000000000000 
	Parameter INIT_1E bound to: 256'b0000000000000000000000000000000000000000000000000000000000000000000000000000000000000000000000000000000000000000000000000000000000000000000000000000000000000000000000000000000000000000000000000000000000000000000000000000000000000000000000000000000000000000 
	Parameter INIT_1F bound to: 256'b0000000000000000000000000000000000000000000000000000000000000000000000000000000000000000000000000000000000000000000000000000000000000000000000000000000000000000000000000000000000000000000000000000000000000000000000000000000000000000000000000000000000000000 
	Parameter INIT_20 bound to: 256'b0000000000000000000000000000000000000000000000000000000000000000000000000000000000000000000000000000000000000000000000000000000000000000000000000000000000000000000000000000000000000000000000000000000000000000000000000000000000000000000000000000000000000000 
	Parameter INIT_21 bound to: 256'b0000000000000000000000000000000000000000000000000000000000000000000000000000000000000000000000000000000000000000000000000000000000000000000000000000000000000000000000000000000000000000000000000000000000000000000000000000000000000000000000000000000000000000 
	Parameter INIT_22 bound to: 256'b0000000000000000000000000000000000000000000000000000000000000000000000000000000000000000000000000000000000000000000000000000000000000000000000000000000000000000000000000000000000000000000000000000000000000000000000000000000000000000000000000000000000000000 
	Parameter INIT_23 bound to: 256'b0000000000000000000000000000000000000000000000000000000000000000000000000000000000000000000000000000000000000000000000000000000000000000000000000000000000000000000000000000000000000000000000000000000000000000000000000000000000000000000000000000000000000000 
	Parameter INIT_24 bound to: 256'b0000000000000000000000000000000000000000000000000000000000000000000000000000000000000000000000000000000000000000000000000000000000000000000000000000000000000000000000000000000000000000000000000000000000000000000000000000000000000000000000000000000000000000 
	Parameter INIT_25 bound to: 256'b0000000000000000000000000000000000000000000000000000000000000000000000000000000000000000000000000000000000000000000000000000000000000000000000000000000000000000000000000000000000000000000000000000000000000000000000000000000000000000000000000000000000000000 
	Parameter INIT_26 bound to: 256'b0000000000000000000000000000000000000000000000000000000000000000000000000000000000000000000000000000000000000000000000000000000000000000000000000000000000000000000000000000000000000000000000000000000000000000000000000000000000000000000000000000000000000000 
	Parameter INIT_27 bound to: 256'b0000000000000000000000000000000000000000000000000000000000000000000000000000000000000000000000000000000000000000000000000000000000000000000000000000000000000000000000000000000000000000000000000000000000000000000000000000000000000000000000000000000000000000 
	Parameter INIT_28 bound to: 256'b0000000000000000000000000000000000000000000000000000000000000000000000000000000000000000000000000000000000000000000000000000000000000000000000000000000000000000000000000000000000000000000000000000000000000000000000000000000000000000000000000000000000000000 
	Parameter INIT_29 bound to: 256'b0000000000000000000000000000000000000000000000000000000000000000000000000000000000000000000000000000000000000000000000000000000000000000000000000000000000000000000000000000000000000000000000000000000000000000000000000000000000000000000000000000000000000000 
	Parameter INIT_2A bound to: 256'b0000000000000000000000000000000000000000000000000000000000000000000000000000000000000000000000000000000000000000000000000000000000000000000000000000000000000000000000000000000000000000000000000000000000000000000000000000000000000000000000000000000000000000 
	Parameter INIT_2B bound to: 256'b0000000000000000000000000000000000000000000000000000000000000000000000000000000000000000000000000000000000000000000000000000000000000000000000000000000000000000000000000000000000000000000000000000000000000000000000000000000000000000000000000000000000000000 
	Parameter INIT_2C bound to: 256'b0000000000000000000000000000000000000000000000000000000000000000000000000000000000000000000000000000000000000000000000000000000000000000000000000000000000000000000000000000000000000000000000000000000000000000000000000000000000000000000000000000000000000000 
	Parameter INIT_2D bound to: 256'b0000000000000000000000000000000000000000000000000000000000000000000000000000000000000000000000000000000000000000000000000000000000000000000000000000000000000000000000000000000000000000000000000000000000000000000000000000000000000000000000000000000000000000 
	Parameter INIT_2E bound to: 256'b0000000000000000000000000000000000000000000000000000000000000000000000000000000000000000000000000000000000000000000000000000000000000000000000000000000000000000000000000000000000000000000000000000000000000000000000000000000000000000000000000000000000000000 
	Parameter INIT_2F bound to: 256'b0000000000000000000000000000000000000000000000000000000000000000000000000000000000000000000000000000000000000000000000000000000000000000000000000000000000000000000000000000000000000000000000000000000000000000000000000000000000000000000000000000000000000000 
	Parameter INIT_30 bound to: 256'b0000000000000000000000000000000000000000000000000000000000000000000000000000000000000000000000000000000000000000000000000000000000000000000000000000000000000000000000000000000000000000000000000000000000000000000000000000000000000000000000000000000000000000 
	Parameter INIT_31 bound to: 256'b0000000000000000000000000000000000000000000000000000000000000000000000000000000000000000000000000000000000000000000000000000000000000000000000000000000000000000000000000000000000000000000000000000000000000000000000000000000000000000000000000000000000000000 
	Parameter INIT_32 bound to: 256'b0000000000000000000000000000000000000000000000000000000000000000000000000000000000000000000000000000000000000000000000000000000000000000000000000000000000000000000000000000000000000000000000000000000000000000000000000000000000000000000000000000000000000000 
	Parameter INIT_33 bound to: 256'b0000000000000000000000000000000000000000000000000000000000000000000000000000000000000000000000000000000000000000000000000000000000000000000000000000000000000000000000000000000000000000000000000000000000000000000000000000000000000000000000000000000000000000 
	Parameter INIT_34 bound to: 256'b0000000000000000000000000000000000000000000000000000000000000000000000000000000000000000000000000000000000000000000000000000000000000000000000000000000000000000000000000000000000000000000000000000000000000000000000000000000000000000000000000000000000000000 
	Parameter INIT_35 bound to: 256'b0000000000000000000000000000000000000000000000000000000000000000000000000000000000000000000000000000000000000000000000000000000000000000000000000000000000000000000000000000000000000000000000000000000000000000000000000000000000000000000000000000000000000000 
	Parameter INIT_36 bound to: 256'b0000000000000000000000000000000000000000000000000000000000000000000000000000000000000000000000000000000000000000000000000000000000000000000000000000000000000000000000000000000000000000000000000000000000000000000000000000000000000000000000000000000000000000 
	Parameter INIT_37 bound to: 256'b0000000000000000000000000000000000000000000000000000000000000000000000000000000000000000000000000000000000000000000000000000000000000000000000000000000000000000000000000000000000000000000000000000000000000000000000000000000000000000000000000000000000000000 
	Parameter INIT_38 bound to: 256'b0000000000000000000000000000000000000000000000000000000000000000000000000000000000000000000000000000000000000000000000000000000000000000000000000000000000000000000000000000000000000000000000000000000000000000000000000000000000000000000000000000000000000000 
	Parameter INIT_39 bound to: 256'b0000000000000000000000000000000000000000000000000000000000000000000000000000000000000000000000000000000000000000000000000000000000000000000000000000000000000000000000000000000000000000000000000000000000000000000000000000000000000000000000000000000000000000 
	Parameter INIT_3A bound to: 256'b0000000000000000000000000000000000000000000000000000000000000000000000000000000000000000000000000000000000000000000000000000000000000000000000000000000000000000000000000000000000000000000000000000000000000000000000000000000000000000000000000000000000000000 
	Parameter INIT_3B bound to: 256'b0000000000000000000000000000000000000000000000000000000000000000000000000000000000000000000000000000000000000000000000000000000000000000000000000000000000000000000000000000000000000000000000000000000000000000000000000000000000000000000000000000000000000000 
	Parameter INIT_3C bound to: 256'b0000000000000000000000000000000000000000000000000000000000000000000000000000000000000000000000000000000000000000000000000000000000000000000000000000000000000000000000000000000000000000000000000000000000000000000000000000000000000000000000000000000000000000 
	Parameter INIT_3D bound to: 256'b0000000000000000000000000000000000000000000000000000000000000000000000000000000000000000000000000000000000000000000000000000000000000000000000000000000000000000000000000000000000000000000000000000000000000000000000000000000000000000000000000000000000000000 
	Parameter INIT_3E bound to: 256'b0000000000000000000000000000000000000000000000000000000000000000000000000000000000000000000000000000000000000000000000000000000000000000000000000000000000000000000000000000000000000000000000000000000000000000000000000000000000000000000000000000000000000000 
	Parameter INIT_3F bound to: 256'b1000000010111000000000000000000000000000000000000000000000000000000000000000000000000000000000000000000000000000000000000000000000000000000000000000000000000000000000000000000000000000000000000000000000000000000000000000000000000000000000000000000000000000 
	Parameter SRVAL bound to: 20'b00000000000000000000 
	Parameter WRITE_MODE bound to: WRITE_FIRST - type: string 
INFO: [Synth 8-113] binding component instance 'ram_1024_x_18' to cell 'RAMB16_S18' [C:/Users/edavis/Documents/CPE_233/RGB_LED/SRC/prog_rom.vhd:194]
INFO: [Synth 8-256] done synthesizing module 'prog_rom' (13#1) [C:/Users/edavis/Documents/CPE_233/RGB_LED/SRC/prog_rom.vhd:29]
INFO: [Synth 8-3491] module 'ALU_MUX' declared at 'C:/Users/edavis/Documents/CPE_233/RGB_LED/SRC/ALU_MUX.vhd:34' bound to instance 'ALU_MUX_i' of component 'ALU_MUX' [C:/Users/edavis/Documents/CPE_233/RGB_LED/SRC/RAT_MCU.vhd:374]
INFO: [Synth 8-638] synthesizing module 'ALU_MUX' [C:/Users/edavis/Documents/CPE_233/RGB_LED/SRC/ALU_MUX.vhd:41]
INFO: [Synth 8-256] done synthesizing module 'ALU_MUX' (14#1) [C:/Users/edavis/Documents/CPE_233/RGB_LED/SRC/ALU_MUX.vhd:41]
INFO: [Synth 8-3491] module 'ALU' declared at 'C:/Users/edavis/Documents/CPE_233/RGB_LED/SRC/ALU.vhd:15' bound to instance 'ALU_i' of component 'ALU' [C:/Users/edavis/Documents/CPE_233/RGB_LED/SRC/RAT_MCU.vhd:382]
INFO: [Synth 8-638] synthesizing module 'ALU' [C:/Users/edavis/Documents/CPE_233/RGB_LED/SRC/ALU.vhd:26]
INFO: [Synth 8-256] done synthesizing module 'ALU' (15#1) [C:/Users/edavis/Documents/CPE_233/RGB_LED/SRC/ALU.vhd:26]
INFO: [Synth 8-3491] module 'pc_mux' declared at 'C:/Users/edavis/Documents/CPE_233/RGB_LED/SRC/pc_mux.vhd:21' bound to instance 'PC_MUX_1' of component 'pc_mux' [C:/Users/edavis/Documents/CPE_233/RGB_LED/SRC/RAT_MCU.vhd:394]
INFO: [Synth 8-638] synthesizing module 'pc_mux' [C:/Users/edavis/Documents/CPE_233/RGB_LED/SRC/pc_mux.vhd:29]
INFO: [Synth 8-256] done synthesizing module 'pc_mux' (16#1) [C:/Users/edavis/Documents/CPE_233/RGB_LED/SRC/pc_mux.vhd:29]
INFO: [Synth 8-3491] module 'program_counter' declared at 'C:/Users/edavis/Documents/CPE_233/RGB_LED/SRC/program_counter.vhd:24' bound to instance 'PC' of component 'program_counter' [C:/Users/edavis/Documents/CPE_233/RGB_LED/SRC/RAT_MCU.vhd:402]
INFO: [Synth 8-638] synthesizing module 'program_counter' [C:/Users/edavis/Documents/CPE_233/RGB_LED/SRC/program_counter.vhd:35]
INFO: [Synth 8-256] done synthesizing module 'program_counter' (17#1) [C:/Users/edavis/Documents/CPE_233/RGB_LED/SRC/program_counter.vhd:35]
INFO: [Synth 8-3491] module 'stack_pointer' declared at 'C:/Users/edavis/Documents/CPE_233/RGB_LED/SRC/stack_pointer.vhd:24' bound to instance 'stack_pointer_i' of component 'stack_pointer' [C:/Users/edavis/Documents/CPE_233/RGB_LED/SRC/RAT_MCU.vhd:413]
INFO: [Synth 8-638] synthesizing module 'stack_pointer' [C:/Users/edavis/Documents/CPE_233/RGB_LED/SRC/stack_pointer.vhd:36]
INFO: [Synth 8-256] done synthesizing module 'stack_pointer' (18#1) [C:/Users/edavis/Documents/CPE_233/RGB_LED/SRC/stack_pointer.vhd:36]
INFO: [Synth 8-3491] module 'SCR_DATA_MUX' declared at 'C:/Users/edavis/Documents/CPE_233/RGB_LED/SRC/SCR_DATA_MUX.vhd:15' bound to instance 'SCR_DATA_MUX_i' of component 'SCR_DATA_MUX' [C:/Users/edavis/Documents/CPE_233/RGB_LED/SRC/RAT_MCU.vhd:424]
INFO: [Synth 8-638] synthesizing module 'SCR_DATA_MUX' [C:/Users/edavis/Documents/CPE_233/RGB_LED/SRC/SCR_DATA_MUX.vhd:22]
INFO: [Synth 8-256] done synthesizing module 'SCR_DATA_MUX' (19#1) [C:/Users/edavis/Documents/CPE_233/RGB_LED/SRC/SCR_DATA_MUX.vhd:22]
INFO: [Synth 8-3491] module 'SCRATCH_RAM' declared at 'C:/Users/edavis/Documents/CPE_233/RGB_LED/SRC/SCRATCH_RAM.vhd:16' bound to instance 'SCRATCH_RAM_i' of component 'SCRATCH_RAM' [C:/Users/edavis/Documents/CPE_233/RGB_LED/SRC/RAT_MCU.vhd:432]
INFO: [Synth 8-638] synthesizing module 'SCRATCH_RAM' [C:/Users/edavis/Documents/CPE_233/RGB_LED/SRC/SCRATCH_RAM.vhd:26]
INFO: [Synth 8-256] done synthesizing module 'SCRATCH_RAM' (20#1) [C:/Users/edavis/Documents/CPE_233/RGB_LED/SRC/SCRATCH_RAM.vhd:26]
INFO: [Synth 8-3491] module 'SCR_ADDR_MUX' declared at 'C:/Users/edavis/Documents/CPE_233/RGB_LED/SRC/SCR_ADDR_MUX.vhd:14' bound to instance 'SCR_ADDR_MUX_i' of component 'SCR_ADDR_MUX' [C:/Users/edavis/Documents/CPE_233/RGB_LED/SRC/RAT_MCU.vhd:441]
INFO: [Synth 8-638] synthesizing module 'SCR_ADDR_MUX' [C:/Users/edavis/Documents/CPE_233/RGB_LED/SRC/SCR_ADDR_MUX.vhd:23]
INFO: [Synth 8-256] done synthesizing module 'SCR_ADDR_MUX' (21#1) [C:/Users/edavis/Documents/CPE_233/RGB_LED/SRC/SCR_ADDR_MUX.vhd:23]
INFO: [Synth 8-256] done synthesizing module 'RAT_MCU' (22#1) [C:/Users/edavis/Documents/CPE_233/RGB_LED/SRC/RAT_MCU.vhd:29]
INFO: [Synth 8-3491] module 'db_1shot_FSM' declared at 'C:/Users/edavis/Documents/CPE_233/RGB_LED/SRC/ONE_SHOT_DEBOUNCE/debounce_one_shot_FSM.vhd:26' bound to instance 'db_1shot_FSM_i' of component 'db_1shot_FSM' [C:/Users/edavis/Documents/CPE_233/RGB_LED/SRC/RAT_WRAPPER.vhd:167]
INFO: [Synth 8-638] synthesizing module 'db_1shot_FSM' [C:/Users/edavis/Documents/CPE_233/RGB_LED/SRC/ONE_SHOT_DEBOUNCE/debounce_one_shot_FSM.vhd:32]
INFO: [Synth 8-3491] module 'counter' declared at 'C:/Users/edavis/Documents/CPE_233/RGB_LED/SRC/ONE_SHOT_DEBOUNCE/counter_for_one_shot.vhd:27' bound to instance 'bounce_counter' of component 'Counter' [C:/Users/edavis/Documents/CPE_233/RGB_LED/SRC/ONE_SHOT_DEBOUNCE/debounce_one_shot_FSM.vhd:60]
INFO: [Synth 8-638] synthesizing module 'counter' [C:/Users/edavis/Documents/CPE_233/RGB_LED/SRC/ONE_SHOT_DEBOUNCE/counter_for_one_shot.vhd:34]
INFO: [Synth 8-256] done synthesizing module 'counter' (23#1) [C:/Users/edavis/Documents/CPE_233/RGB_LED/SRC/ONE_SHOT_DEBOUNCE/counter_for_one_shot.vhd:34]
INFO: [Synth 8-256] done synthesizing module 'db_1shot_FSM' (24#1) [C:/Users/edavis/Documents/CPE_233/RGB_LED/SRC/ONE_SHOT_DEBOUNCE/debounce_one_shot_FSM.vhd:32]
INFO: [Synth 8-3491] module 'sseg_dec' declared at 'C:/Users/edavis/Documents/CPE_233/RGB_LED/SRC/BCD7SEG_8.vhdl:22' bound to instance 'sseg_dec_i' of component 'sseg_dec' [C:/Users/edavis/Documents/CPE_233/RGB_LED/SRC/RAT_WRAPPER.vhd:177]
INFO: [Synth 8-638] synthesizing module 'sseg_dec' [C:/Users/edavis/Documents/CPE_233/RGB_LED/SRC/BCD7SEG_8.vhdl:32]
INFO: [Synth 8-3491] module 'bin2bcdconv' declared at 'C:/Users/edavis/Documents/CPE_233/RGB_LED/SRC/BCD7SEG_8.vhdl:136' bound to instance 'my_conv' of component 'bin2bcdconv' [C:/Users/edavis/Documents/CPE_233/RGB_LED/SRC/BCD7SEG_8.vhdl:56]
INFO: [Synth 8-638] synthesizing module 'bin2bcdconv' [C:/Users/edavis/Documents/CPE_233/RGB_LED/SRC/BCD7SEG_8.vhdl:146]
WARNING: [Synth 8-6014] Unused sequential element cnt_tot_reg was removed.  [C:/Users/edavis/Documents/CPE_233/RGB_LED/SRC/BCD7SEG_8.vhdl:154]
WARNING: [Synth 8-6014] Unused sequential element msd_reg was removed.  [C:/Users/edavis/Documents/CPE_233/RGB_LED/SRC/BCD7SEG_8.vhdl:165]
WARNING: [Synth 8-6014] Unused sequential element mmsd_reg was removed.  [C:/Users/edavis/Documents/CPE_233/RGB_LED/SRC/BCD7SEG_8.vhdl:166]
WARNING: [Synth 8-6014] Unused sequential element lsd_reg was removed.  [C:/Users/edavis/Documents/CPE_233/RGB_LED/SRC/BCD7SEG_8.vhdl:167]
INFO: [Synth 8-256] done synthesizing module 'bin2bcdconv' (25#1) [C:/Users/edavis/Documents/CPE_233/RGB_LED/SRC/BCD7SEG_8.vhdl:146]
INFO: [Synth 8-3491] module 'clk_div' declared at 'C:/Users/edavis/Documents/CPE_233/RGB_LED/SRC/BCD7SEG_8.vhdl:236' bound to instance 'my_clk' of component 'clk_div' [C:/Users/edavis/Documents/CPE_233/RGB_LED/SRC/BCD7SEG_8.vhdl:62]
INFO: [Synth 8-638] synthesizing module 'clk_div' [C:/Users/edavis/Documents/CPE_233/RGB_LED/SRC/BCD7SEG_8.vhdl:241]
INFO: [Synth 8-256] done synthesizing module 'clk_div' (26#1) [C:/Users/edavis/Documents/CPE_233/RGB_LED/SRC/BCD7SEG_8.vhdl:241]
INFO: [Synth 8-226] default block is never used [C:/Users/edavis/Documents/CPE_233/RGB_LED/SRC/BCD7SEG_8.vhdl:112]
WARNING: [Synth 8-6014] Unused sequential element mmsd_v_reg was removed.  [C:/Users/edavis/Documents/CPE_233/RGB_LED/SRC/BCD7SEG_8.vhdl:101]
WARNING: [Synth 8-6014] Unused sequential element msd_v_reg was removed.  [C:/Users/edavis/Documents/CPE_233/RGB_LED/SRC/BCD7SEG_8.vhdl:102]
INFO: [Synth 8-256] done synthesizing module 'sseg_dec' (27#1) [C:/Users/edavis/Documents/CPE_233/RGB_LED/SRC/BCD7SEG_8.vhdl:32]
INFO: [Synth 8-3491] module 'PWM' declared at 'C:/Users/edavis/Documents/CPE_233/RGB_LED/VIVADO/RGB_LED.srcs/sources_1/imports/new/PWM.vhd:26' bound to instance 'pwm_red' of component 'PWM' [C:/Users/edavis/Documents/CPE_233/RGB_LED/SRC/RAT_WRAPPER.vhd:195]
INFO: [Synth 8-638] synthesizing module 'PWM' [C:/Users/edavis/Documents/CPE_233/RGB_LED/VIVADO/RGB_LED.srcs/sources_1/imports/new/PWM.vhd:33]
WARNING: [Synth 8-614] signal 'sw' is read in the process but is not in the sensitivity list [C:/Users/edavis/Documents/CPE_233/RGB_LED/VIVADO/RGB_LED.srcs/sources_1/imports/new/PWM.vhd:37]
WARNING: [Synth 8-6014] Unused sequential element swVAR_reg was removed.  [C:/Users/edavis/Documents/CPE_233/RGB_LED/VIVADO/RGB_LED.srcs/sources_1/imports/new/PWM.vhd:41]
INFO: [Synth 8-256] done synthesizing module 'PWM' (28#1) [C:/Users/edavis/Documents/CPE_233/RGB_LED/VIVADO/RGB_LED.srcs/sources_1/imports/new/PWM.vhd:33]
INFO: [Synth 8-3491] module 'PWM' declared at 'C:/Users/edavis/Documents/CPE_233/RGB_LED/VIVADO/RGB_LED.srcs/sources_1/imports/new/PWM.vhd:26' bound to instance 'pwm_green' of component 'PWM' [C:/Users/edavis/Documents/CPE_233/RGB_LED/SRC/RAT_WRAPPER.vhd:203]
INFO: [Synth 8-3491] module 'PWM' declared at 'C:/Users/edavis/Documents/CPE_233/RGB_LED/VIVADO/RGB_LED.srcs/sources_1/imports/new/PWM.vhd:26' bound to instance 'pwm_blue' of component 'PWM' [C:/Users/edavis/Documents/CPE_233/RGB_LED/SRC/RAT_WRAPPER.vhd:211]
WARNING: [Synth 8-614] signal 's_BUTTON' is read in the process but is not in the sensitivity list [C:/Users/edavis/Documents/CPE_233/RGB_LED/SRC/RAT_WRAPPER.vhd:223]
WARNING: [Synth 8-3848] Net s_BUTTON in module/entity RAT_wrapper does not have driver. [C:/Users/edavis/Documents/CPE_233/RGB_LED/SRC/RAT_WRAPPER.vhd:113]
INFO: [Synth 8-256] done synthesizing module 'RAT_wrapper' (29#1) [C:/Users/edavis/Documents/CPE_233/RGB_LED/SRC/RAT_WRAPPER.vhd:32]
WARNING: [Synth 8-3331] design RAT_wrapper has unconnected port INT_IN[7]
WARNING: [Synth 8-3331] design RAT_wrapper has unconnected port INT_IN[6]
WARNING: [Synth 8-3331] design RAT_wrapper has unconnected port INT_IN[5]
WARNING: [Synth 8-3331] design RAT_wrapper has unconnected port INT_IN[4]
WARNING: [Synth 8-3331] design RAT_wrapper has unconnected port INT_IN[3]
WARNING: [Synth 8-3331] design RAT_wrapper has unconnected port INT_IN[2]
WARNING: [Synth 8-3331] design RAT_wrapper has unconnected port INT_IN[1]
WARNING: [Synth 8-3331] design RAT_wrapper has unconnected port INT_IN[0]
---------------------------------------------------------------------------------
Finished RTL Elaboration : Time (s): cpu = 00:00:06 ; elapsed = 00:00:06 . Memory (MB): peak = 1059.832 ; gain = 127.824
---------------------------------------------------------------------------------

Report Check Netlist: 
+------+------------------+-------+---------+-------+------------------+
|      |Item              |Errors |Warnings |Status |Description       |
+------+------------------+-------+---------+-------+------------------+
|1     |multi_driven_nets |      0|        0|Passed |Multi driven nets |
+------+------------------+-------+---------+-------+------------------+
---------------------------------------------------------------------------------
Finished RTL Optimization Phase 1 : Time (s): cpu = 00:00:06 ; elapsed = 00:00:06 . Memory (MB): peak = 1059.832 ; gain = 127.824
---------------------------------------------------------------------------------
INFO: [Netlist 29-17] Analyzing 1 Unisim elements for replacement
INFO: [Netlist 29-28] Unisim Transformation completed in 0 CPU seconds
INFO: [Device 21-403] Loading part xc7a35tcpg236-1
INFO: [Project 1-570] Preparing netlist for logic optimization

Processing XDC Constraints
Initializing timing engine
Parsing XDC File [C:/Users/edavis/Documents/CPE_233/RGB_LED/SRC/Basys3_constraints.xdc]
Finished Parsing XDC File [C:/Users/edavis/Documents/CPE_233/RGB_LED/SRC/Basys3_constraints.xdc]
Completed Processing XDC Constraints

INFO: [Opt 31-138] Pushed 0 inverter(s) to 0 load pin(s).
INFO: [Project 1-111] Unisim Transformation Summary:
  A total of 1 instances were transformed.
  RAMB16_S18 => RAMB18E1: 1 instances

RTL Elaboration Complete:  : Time (s): cpu = 00:00:23 ; elapsed = 00:00:21 . Memory (MB): peak = 1373.953 ; gain = 441.945
97 Infos, 19 Warnings, 0 Critical Warnings and 0 Errors encountered.
synth_design completed successfully
synth_design: Time (s): cpu = 00:00:23 ; elapsed = 00:00:21 . Memory (MB): peak = 1373.953 ; gain = 441.945
exit
INFO: [Common 17-206] Exiting Vivado at Sun Mar 18 17:08:32 2018...
