Unable to capture context for thread 65472 in process 87912, can not generate back trace
Exception at PC 0x00007FFD3F85BB93
Printing stacktrace...

[0]  [0x00007FFD3F85BB93]
[1]  [0x00007FFD3F85BB93]
[2]  [0x00007FFD3F85B4A1]
[3]  [0x00007FFD3F85B3EF]
[4]  [0x00007FFD3F8419FE]
[5]  [0x00007FFD3F840ED1]
[6]  [0x00007FFD3F840D76]
[7]  [0x00007FFD3F7E79F6]
[8]  [0x00007FFD3F7D7AFB]
[9]  [0x00007FFD3F8FE90A]
[10]  [0x00007FFD3F919F87]
[11]  [0x00007FFD3F91A05F]
[12] (BaseThreadInitThunk+0x14) [0x00007FFDB01F1FE4]
[13] (RtlUserThreadStart+0x21) [0x00007FFDB070EFB1]
Done
Exception at PC 0x00007FFD3F561A52
Attemped to write at address 0x00007FFD7073ABA4
Printing stacktrace...

[0]  [0x00007FFD3F561A52]
[1]  [0x00007FFD3F561A52]
[2]  [0x00007FFD3F561AD4]
[3]  [0x00007FFD3F6A3FF7]
[4]  [0x00007FFD3F589128]
[5]  [0x00007FFD3F83DFB9]
[6]  [0x00007FFD3FA0EF23]
[7]  [0x00007FFD3F91B06B]
[8]  [0x00007FFD3F9108AF]
[9]  [0x00007FFD3F910A32]
[10] (RtlDeactivateActivationContextUnsafeFast+0x1b3) [0x00007FFDB06B1493]
[11] (LdrShutdownProcess+0x125) [0x00007FFDB06E06B5]
[12] (RtlExitUserProcess+0xb4) [0x00007FFDB06E0574]
[13] (ExitProcess+0xa) [0x00007FFDB01EF06A]
[14] (exit+0x75) [0x00007FFDAE059B25]
[15] (initterm_e+0x21d) [0x00007FFDAE05A16D]
[16]  [0x00000000004014CD]
[17]  [0x000000000040151B]
[18] (BaseThreadInitThunk+0x14) [0x00007FFDB01F1FE4]
[19] (RtlUserThreadStart+0x21) [0x00007FFDB070EFB1]
Done
