Unable to capture context for thread 35964 in process 55520, can not generate back trace
Exception at PC 0x00007FFA1354BB93
Printing stacktrace...

[0]  [0x00007FFA1354BB93]
[1]  [0x00007FFA1354BB93]
[2]  [0x00007FFA1354B4A1]
[3]  [0x00007FFA1354B3EF]
[4]  [0x00007FFA135319FE]
[5]  [0x00007FFA13530ED1]
[6]  [0x00007FFA13530D76]
[7]  [0x00007FFA134D79F6]
[8]  [0x00007FFA134C7AFB]
[9]  [0x00007FFA135EE90A]
[10]  [0x00007FFA13609F87]
[11]  [0x00007FFA1360A05F]
[12] (BaseThreadInitThunk+0x14) [0x00007FFA8AE71FE4]
[13] (RtlUserThreadStart+0x21) [0x00007FFA8BEFEFB1]
Done
Exception at PC 0x00007FFA13251A52
Attemped to write at address 0x00007FFA3706ABA4
Printing stacktrace...

[0]  [0x00007FFA13251A52]
[1]  [0x00007FFA13251A52]
[2]  [0x00007FFA13251AD4]
[3]  [0x00007FFA13393FF7]
[4]  [0x00007FFA13279128]
[5]  [0x00007FFA1352DFB9]
[6]  [0x00007FFA136FEF23]
[7]  [0x00007FFA1360B06B]
[8]  [0x00007FFA136008AF]
[9]  [0x00007FFA13600A32]
[10] (RtlDeactivateActivationContextUnsafeFast+0x1b3) [0x00007FFA8BEA1493]
[11] (LdrShutdownProcess+0x125) [0x00007FFA8BED06B5]
[12] (RtlExitUserProcess+0xb4) [0x00007FFA8BED0574]
[13] (ExitProcess+0xa) [0x00007FFA8AE6F06A]
[14] (exit+0x75) [0x00007FFA8B979B25]
[15] (initterm_e+0x21d) [0x00007FFA8B97A16D]
[16]  [0x00000000004014CD]
[17]  [0x000000000040151B]
[18] (BaseThreadInitThunk+0x14) [0x00007FFA8AE71FE4]
[19] (RtlUserThreadStart+0x21) [0x00007FFA8BEFEFB1]
Done
