Copyright 1986-2017 Xilinx, Inc. All Rights Reserved.
------------------------------------------------------------------------------------
| Tool Version : Vivado v.2017.2 (win64) Build 1909853 Thu Jun 15 18:39:09 MDT 2017
| Date         : Tue Feb 20 18:10:14 2018
| Host         : DPS-XPS running 64-bit major release  (build 9200)
| Command      : report_control_sets -verbose -file WRAPPER_control_sets_placed.rpt
| Design       : WRAPPER
| Device       : xc7a35t
------------------------------------------------------------------------------------

Control Set Information

Table of Contents
-----------------
1. Summary
2. Flip-Flop Distribution
3. Detailed Control Set Information

1. Summary
----------

+----------------------------------------------------------+-------+
|                          Status                          | Count |
+----------------------------------------------------------+-------+
| Number of unique control sets                            |     4 |
| Unused register locations in slices containing registers |    17 |
+----------------------------------------------------------+-------+


2. Flip-Flop Distribution
-------------------------

+--------------+-----------------------+------------------------+-----------------+--------------+
| Clock Enable | Synchronous Set/Reset | Asynchronous Set/Reset | Total Registers | Total Slices |
+--------------+-----------------------+------------------------+-----------------+--------------+
| No           | No                    | No                     |               7 |            3 |
| No           | No                    | Yes                    |               0 |            0 |
| No           | Yes                   | No                     |              32 |            8 |
| Yes          | No                    | No                     |               0 |            0 |
| Yes          | No                    | Yes                    |               0 |            0 |
| Yes          | Yes                   | No                     |               0 |            0 |
+--------------+-----------------------+------------------------+-----------------+--------------+


3. Detailed Control Set Information
-----------------------------------

+-------------------------------------------+---------------+------------------+------------------+----------------+
|                Clock Signal               | Enable Signal | Set/Reset Signal | Slice Load Count | Bel Load Count |
+-------------------------------------------+---------------+------------------+------------------+----------------+
|  CLK_IBUF_BUFG                            |               |                  |                1 |              1 |
|  keypad1/FSM_sequential_NS_reg[2]_i_2_n_0 |               |                  |                1 |              3 |
|  keypad1/CLK_12KHZ                        |               |                  |                1 |              3 |
|  CLK_IBUF_BUFG                            |               | keypad1/clear    |                8 |             32 |
+-------------------------------------------+---------------+------------------+------------------+----------------+


+--------+-----------------------+
| Fanout | Number of ControlSets |
+--------+-----------------------+
| 1      |                     1 |
| 3      |                     2 |
| 16+    |                     1 |
+--------+-----------------------+


