Unable to capture context for thread 92488 in process 84892, can not generate back trace
Exception at PC 0x00007FFF6713BB93
Printing stacktrace...

[0]  [0x00007FFF6713BB93]
[1]  [0x00007FFF6713BB93]
[2]  [0x00007FFF6713B4A1]
[3]  [0x00007FFF6713B3EF]
[4]  [0x00007FFF671219FE]
[5]  [0x00007FFF67120ED1]
[6]  [0x00007FFF67120D76]
[7]  [0x00007FFF670C79F6]
[8]  [0x00007FFF670B7AFB]
[9]  [0x00007FFF671DE90A]
[10]  [0x00007FFF671F9F87]
[11]  [0x00007FFF671FA05F]
[12] (BaseThreadInitThunk+0x14) [0x00007FFFB9ED1FE4]
[13] (RtlUserThreadStart+0x21) [0x00007FFFBC93EFB1]
Done
Exception at PC 0x00007FFF66E41A52
Attemped to write at address 0x00007FFF588DABA4
Printing stacktrace...

[0]  [0x00007FFF66E41A52]
[1]  [0x00007FFF66E41A52]
[2]  [0x00007FFF66E41AD4]
[3]  [0x00007FFF66F83FF7]
[4]  [0x00007FFF66E69128]
[5]  [0x00007FFF6711DFB9]
[6]  [0x00007FFF672EEF23]
[7]  [0x00007FFF671FB06B]
[8]  [0x00007FFF671F08AF]
[9]  [0x00007FFF671F0A32]
[10] (RtlDeactivateActivationContextUnsafeFast+0x1b3) [0x00007FFFBC8E1493]
[11] (LdrShutdownProcess+0x125) [0x00007FFFBC9106B5]
[12] (RtlExitUserProcess+0xb4) [0x00007FFFBC910574]
[13] (ExitProcess+0xa) [0x00007FFFB9ECF06A]
[14] (exit+0x75) [0x00007FFFBC149B25]
[15] (initterm_e+0x21d) [0x00007FFFBC14A16D]
[16]  [0x00000000004014CD]
[17]  [0x000000000040151B]
[18] (BaseThreadInitThunk+0x14) [0x00007FFFB9ED1FE4]
[19] (RtlUserThreadStart+0x21) [0x00007FFFBC93EFB1]
Done
