Unable to capture context for thread 39900 in process 31900, can not generate back trace
Exception at PC 0x00007FFA3FF7BB93
Printing stacktrace...

[0]  [0x00007FFA3FF7BB93]
[1]  [0x00007FFA3FF7BB93]
[2]  [0x00007FFA3FF7B4A1]
[3]  [0x00007FFA3FF7B3EF]
[4]  [0x00007FFA3FF619FE]
[5]  [0x00007FFA3FF60ED1]
[6]  [0x00007FFA3FF60D76]
[7]  [0x00007FFA3FF079F6]
[8]  [0x00007FFA3FEF7AFB]
[9]  [0x00007FFA4001E90A]
[10]  [0x00007FFA40039F87]
[11]  [0x00007FFA4003A05F]
[12] (BaseThreadInitThunk+0x14) [0x00007FFAC11C1FE4]
[13] (RtlUserThreadStart+0x21) [0x00007FFAC2A9EFB1]
Done
Exception at PC 0x00007FFA3FC81A52
Attemped to write at address 0x00007FFA7DC0ABA4
Printing stacktrace...

[0]  [0x00007FFA3FC81A52]
[1]  [0x00007FFA3FC81A52]
[2]  [0x00007FFA3FC81AD4]
[3]  [0x00007FFA3FDC3FF7]
[4]  [0x00007FFA3FCA9128]
[5]  [0x00007FFA3FF5DFB9]
[6]  [0x00007FFA4012EF23]
[7]  [0x00007FFA4003B06B]
[8]  [0x00007FFA400308AF]
[9]  [0x00007FFA40030A32]
[10] (RtlDeactivateActivationContextUnsafeFast+0x1b3) [0x00007FFAC2A41493]
[11] (LdrShutdownProcess+0x125) [0x00007FFAC2A706B5]
[12] (RtlExitUserProcess+0xb4) [0x00007FFAC2A70574]
[13] (ExitProcess+0xa) [0x00007FFAC11BF06A]
[14] (exit+0x75) [0x00007FFAC1149B25]
[15] (initterm_e+0x21d) [0x00007FFAC114A16D]
[16]  [0x00000000004014CD]
[17]  [0x000000000040151B]
[18] (BaseThreadInitThunk+0x14) [0x00007FFAC11C1FE4]
[19] (RtlUserThreadStart+0x21) [0x00007FFAC2A9EFB1]
Done
