SUCCESS (SUM CORRECT)     : A         B         SEL   C_IN SUM      C_FLAG Z_FLAG TIME
               EXPECTED   : 10101010  10101010  0000  0    01010100 1      0      20 ns
               ACTUAL     :                                01010100 1      0
SUCCESS (C_FLAG CORRECT)  : A         B         SEL   C_IN SUM      C_FLAG Z_FLAG TIME
               EXPECTED   : 10101010  10101010  0000  0    01010100 1      0      20 ns
               ACTUAL     :                                01010100 1      0
SUCCESS (Z_FLAG CORRECT)  : A         B         SEL   C_IN SUM      C_FLAG Z_FLAG TIME
               EXPECTED   : 10101010  10101010  0000  0    01010100 1      0      20 ns
               ACTUAL     :                                01010100 1      0
SUCCESS (SUM CORRECT)     : A         B         SEL   C_IN SUM      C_FLAG Z_FLAG TIME
               EXPECTED   : 00001010  10100000  0000  1    10101010 0      0      60 ns
               ACTUAL     :                                10101010 0      0
SUCCESS (C_FLAG CORRECT)  : A         B         SEL   C_IN SUM      C_FLAG Z_FLAG TIME
               EXPECTED   : 00001010  10100000  0000  1    10101010 0      0      60 ns
               ACTUAL     :                                10101010 0      0
SUCCESS (Z_FLAG CORRECT)  : A         B         SEL   C_IN SUM      C_FLAG Z_FLAG TIME
               EXPECTED   : 00001010  10100000  0000  1    10101010 0      0      60 ns
               ACTUAL     :                                10101010 0      0
SUCCESS (SUM CORRECT)     : A         B         SEL   C_IN SUM      C_FLAG Z_FLAG TIME
               EXPECTED   : 11111111  00000001  0000  0    00000000 1      1      100 ns
               ACTUAL     :                                00000000 1      1
SUCCESS (C_FLAG CORRECT)  : A         B         SEL   C_IN SUM      C_FLAG Z_FLAG TIME
               EXPECTED   : 11111111  00000001  0000  0    00000000 1      1      100 ns
               ACTUAL     :                                00000000 1      1
SUCCESS (Z_FLAG CORRECT)  : A         B         SEL   C_IN SUM      C_FLAG Z_FLAG TIME
               EXPECTED   : 11111111  00000001  0000  0    00000000 1      1      100 ns
               ACTUAL     :                                00000000 1      1
SUCCESS (SUM CORRECT)     : A         B         SEL   C_IN SUM      C_FLAG Z_FLAG TIME
               EXPECTED   : 11001000  00110110  0001  1    11111111 0      0      140 ns
               ACTUAL     :                                11111111 0      0
SUCCESS (C_FLAG CORRECT)  : A         B         SEL   C_IN SUM      C_FLAG Z_FLAG TIME
               EXPECTED   : 11001000  00110110  0001  1    11111111 0      0      140 ns
               ACTUAL     :                                11111111 0      0
SUCCESS (Z_FLAG CORRECT)  : A         B         SEL   C_IN SUM      C_FLAG Z_FLAG TIME
               EXPECTED   : 11001000  00110110  0001  1    11111111 0      0      140 ns
               ACTUAL     :                                11111111 0      0
SUCCESS (SUM CORRECT)     : A         B         SEL   C_IN SUM      C_FLAG Z_FLAG TIME
               EXPECTED   : 11001000  00110111  0001  1    00000000 1      1      180 ns
               ACTUAL     :                                00000000 1      1
SUCCESS (C_FLAG CORRECT)  : A         B         SEL   C_IN SUM      C_FLAG Z_FLAG TIME
               EXPECTED   : 11001000  00110111  0001  1    00000000 1      1      180 ns
               ACTUAL     :                                00000000 1      1
SUCCESS (Z_FLAG CORRECT)  : A         B         SEL   C_IN SUM      C_FLAG Z_FLAG TIME
               EXPECTED   : 11001000  00110111  0001  1    00000000 1      1      180 ns
               ACTUAL     :                                00000000 1      1
SUCCESS (SUM CORRECT)     : A         B         SEL   C_IN SUM      C_FLAG Z_FLAG TIME
               EXPECTED   : 11001000  01100100  0010  0    01100100 0      0      220 ns
               ACTUAL     :                                01100100 0      0
SUCCESS (C_FLAG CORRECT)  : A         B         SEL   C_IN SUM      C_FLAG Z_FLAG TIME
               EXPECTED   : 11001000  01100100  0010  0    01100100 0      0      220 ns
               ACTUAL     :                                01100100 0      0
SUCCESS (Z_FLAG CORRECT)  : A         B         SEL   C_IN SUM      C_FLAG Z_FLAG TIME
               EXPECTED   : 11001000  01100100  0010  0    01100100 0      0      220 ns
               ACTUAL     :                                01100100 0      0
SUCCESS (SUM CORRECT)     : A         B         SEL   C_IN SUM      C_FLAG Z_FLAG TIME
               EXPECTED   : 11001000  01100100  0010  1    01100100 0      0      260 ns
               ACTUAL     :                                01100100 0      0
SUCCESS (C_FLAG CORRECT)  : A         B         SEL   C_IN SUM      C_FLAG Z_FLAG TIME
               EXPECTED   : 11001000  01100100  0010  1    01100100 0      0      260 ns
               ACTUAL     :                                01100100 0      0
SUCCESS (Z_FLAG CORRECT)  : A         B         SEL   C_IN SUM      C_FLAG Z_FLAG TIME
               EXPECTED   : 11001000  01100100  0010  1    01100100 0      0      260 ns
               ACTUAL     :                                01100100 0      0
SUCCESS (SUM CORRECT)     : A         B         SEL   C_IN SUM      C_FLAG Z_FLAG TIME
               EXPECTED   : 01100100  11001000  0010  0    10011100 1      0      300 ns
               ACTUAL     :                                10011100 1      0
SUCCESS (C_FLAG CORRECT)  : A         B         SEL   C_IN SUM      C_FLAG Z_FLAG TIME
               EXPECTED   : 01100100  11001000  0010  0    10011100 1      0      300 ns
               ACTUAL     :                                10011100 1      0
SUCCESS (Z_FLAG CORRECT)  : A         B         SEL   C_IN SUM      C_FLAG Z_FLAG TIME
               EXPECTED   : 01100100  11001000  0010  0    10011100 1      0      300 ns
               ACTUAL     :                                10011100 1      0
SUCCESS (SUM CORRECT)     : A         B         SEL   C_IN SUM      C_FLAG Z_FLAG TIME
               EXPECTED   : 11001000  01100100  0011  0    01100100 0      0      340 ns
               ACTUAL     :                                01100100 0      0
SUCCESS (C_FLAG CORRECT)  : A         B         SEL   C_IN SUM      C_FLAG Z_FLAG TIME
               EXPECTED   : 11001000  01100100  0011  0    01100100 0      0      340 ns
               ACTUAL     :                                01100100 0      0
SUCCESS (Z_FLAG CORRECT)  : A         B         SEL   C_IN SUM      C_FLAG Z_FLAG TIME
               EXPECTED   : 11001000  01100100  0011  0    01100100 0      0      340 ns
               ACTUAL     :                                01100100 0      0
SUCCESS (SUM CORRECT)     : A         B         SEL   C_IN SUM      C_FLAG Z_FLAG TIME
               EXPECTED   : 11001000  01100100  0011  1    01100011 0      0      380 ns
               ACTUAL     :                                01100011 0      0
SUCCESS (C_FLAG CORRECT)  : A         B         SEL   C_IN SUM      C_FLAG Z_FLAG TIME
               EXPECTED   : 11001000  01100100  0011  1    01100011 0      0      380 ns
               ACTUAL     :                                01100011 0      0
SUCCESS (Z_FLAG CORRECT)  : A         B         SEL   C_IN SUM      C_FLAG Z_FLAG TIME
               EXPECTED   : 11001000  01100100  0011  1    01100011 0      0      380 ns
               ACTUAL     :                                01100011 0      0
SUCCESS (SUM CORRECT)     : A         B         SEL   C_IN SUM      C_FLAG Z_FLAG TIME
               EXPECTED   : 01100100  11001000  0011  0    10011100 1      0      420 ns
               ACTUAL     :                                10011100 1      0
SUCCESS (C_FLAG CORRECT)  : A         B         SEL   C_IN SUM      C_FLAG Z_FLAG TIME
               EXPECTED   : 01100100  11001000  0011  0    10011100 1      0      420 ns
               ACTUAL     :                                10011100 1      0
SUCCESS (Z_FLAG CORRECT)  : A         B         SEL   C_IN SUM      C_FLAG Z_FLAG TIME
               EXPECTED   : 01100100  11001000  0011  0    10011100 1      0      420 ns
               ACTUAL     :                                10011100 1      0
SUCCESS (SUM CORRECT)     : A         B         SEL   C_IN SUM      C_FLAG Z_FLAG TIME
               EXPECTED   : 01100100  11001000  0011  1    10011011 1      0      460 ns
               ACTUAL     :                                10011011 1      0
SUCCESS (C_FLAG CORRECT)  : A         B         SEL   C_IN SUM      C_FLAG Z_FLAG TIME
               EXPECTED   : 01100100  11001000  0011  1    10011011 1      0      460 ns
               ACTUAL     :                                10011011 1      0
SUCCESS (Z_FLAG CORRECT)  : A         B         SEL   C_IN SUM      C_FLAG Z_FLAG TIME
               EXPECTED   : 01100100  11001000  0011  1    10011011 1      0      460 ns
               ACTUAL     :                                10011011 1      0
SUCCESS (SUM CORRECT)     : A         B         SEL   C_IN SUM      C_FLAG Z_FLAG TIME
               EXPECTED   : 10101010  11111111  0100  0    10101011 1      0      500 ns
               ACTUAL     :                                10101011 1      0
SUCCESS (C_FLAG CORRECT)  : A         B         SEL   C_IN SUM      C_FLAG Z_FLAG TIME
               EXPECTED   : 10101010  11111111  0100  0    10101011 1      0      500 ns
               ACTUAL     :                                10101011 1      0
SUCCESS (Z_FLAG CORRECT)  : A         B         SEL   C_IN SUM      C_FLAG Z_FLAG TIME
               EXPECTED   : 10101010  11111111  0100  0    10101011 1      0      500 ns
               ACTUAL     :                                10101011 1      0
SUCCESS (SUM CORRECT)     : A         B         SEL   C_IN SUM      C_FLAG Z_FLAG TIME
               EXPECTED   : 11111111  10101010  0100  0    01010101 0      0      540 ns
               ACTUAL     :                                01010101 0      0
SUCCESS (C_FLAG CORRECT)  : A         B         SEL   C_IN SUM      C_FLAG Z_FLAG TIME
               EXPECTED   : 11111111  10101010  0100  0    01010101 0      0      540 ns
               ACTUAL     :                                01010101 0      0
SUCCESS (Z_FLAG CORRECT)  : A         B         SEL   C_IN SUM      C_FLAG Z_FLAG TIME
               EXPECTED   : 11111111  10101010  0100  0    01010101 0      0      540 ns
               ACTUAL     :                                01010101 0      0
SUCCESS (SUM CORRECT)     : A         B         SEL   C_IN SUM      C_FLAG Z_FLAG TIME
               EXPECTED   : 10101010  10101010  0100  0    00000000 0      1      580 ns
               ACTUAL     :                                00000000 0      1
SUCCESS (C_FLAG CORRECT)  : A         B         SEL   C_IN SUM      C_FLAG Z_FLAG TIME
               EXPECTED   : 10101010  10101010  0100  0    00000000 0      1      580 ns
               ACTUAL     :                                00000000 0      1
SUCCESS (Z_FLAG CORRECT)  : A         B         SEL   C_IN SUM      C_FLAG Z_FLAG TIME
               EXPECTED   : 10101010  10101010  0100  0    00000000 0      1      580 ns
               ACTUAL     :                                00000000 0      1
SUCCESS (SUM CORRECT)     : A         B         SEL   C_IN SUM      C_FLAG Z_FLAG TIME
               EXPECTED   : 10111011  10111011  0101  0    10111011 0      0      620 ns
               ACTUAL     :                                10111011 0      0
SUCCESS (C_FLAG CORRECT)  : A         B         SEL   C_IN SUM      C_FLAG Z_FLAG TIME
               EXPECTED   : 10111011  10111011  0101  0    10111011 0      0      620 ns
               ACTUAL     :                                10111011 0      0
SUCCESS (Z_FLAG CORRECT)  : A         B         SEL   C_IN SUM      C_FLAG Z_FLAG TIME
               EXPECTED   : 10111011  10111011  0101  0    10111011 0      0      620 ns
               ACTUAL     :                                10111011 0      0
SUCCESS (SUM CORRECT)     : A         B         SEL   C_IN SUM      C_FLAG Z_FLAG TIME
               EXPECTED   : 10101010  10101010  0101  0    10101010 0      0      660 ns
               ACTUAL     :                                10101010 0      0
SUCCESS (C_FLAG CORRECT)  : A         B         SEL   C_IN SUM      C_FLAG Z_FLAG TIME
               EXPECTED   : 10101010  10101010  0101  0    10101010 0      0      660 ns
               ACTUAL     :                                10101010 0      0
SUCCESS (Z_FLAG CORRECT)  : A         B         SEL   C_IN SUM      C_FLAG Z_FLAG TIME
               EXPECTED   : 10101010  10101010  0101  0    10101010 0      0      660 ns
               ACTUAL     :                                10101010 0      0
SUCCESS (SUM CORRECT)     : A         B         SEL   C_IN SUM      C_FLAG Z_FLAG TIME
               EXPECTED   : 00000011  10101010  0101  0    00000010 0      0      700 ns
               ACTUAL     :                                00000010 0      0
SUCCESS (C_FLAG CORRECT)  : A         B         SEL   C_IN SUM      C_FLAG Z_FLAG TIME
               EXPECTED   : 00000011  10101010  0101  0    00000010 0      0      700 ns
               ACTUAL     :                                00000010 0      0
SUCCESS (Z_FLAG CORRECT)  : A         B         SEL   C_IN SUM      C_FLAG Z_FLAG TIME
               EXPECTED   : 00000011  10101010  0101  0    00000010 0      0      700 ns
               ACTUAL     :                                00000010 0      0
SUCCESS (SUM CORRECT)     : A         B         SEL   C_IN SUM      C_FLAG Z_FLAG TIME
               EXPECTED   : 10101010  10101010  0110  0    10101010 0      0      740 ns
               ACTUAL     :                                10101010 0      0
SUCCESS (C_FLAG CORRECT)  : A         B         SEL   C_IN SUM      C_FLAG Z_FLAG TIME
               EXPECTED   : 10101010  10101010  0110  0    10101010 0      0      740 ns
               ACTUAL     :                                10101010 0      0
SUCCESS (Z_FLAG CORRECT)  : A         B         SEL   C_IN SUM      C_FLAG Z_FLAG TIME
               EXPECTED   : 10101010  10101010  0110  0    10101010 0      0      740 ns
               ACTUAL     :                                10101010 0      0
SUCCESS (SUM CORRECT)     : A         B         SEL   C_IN SUM      C_FLAG Z_FLAG TIME
               EXPECTED   : 00000011  10101010  0110  0    10101011 0      0      780 ns
               ACTUAL     :                                10101011 0      0
SUCCESS (C_FLAG CORRECT)  : A         B         SEL   C_IN SUM      C_FLAG Z_FLAG TIME
               EXPECTED   : 00000011  10101010  0110  0    10101011 0      0      780 ns
               ACTUAL     :                                10101011 0      0
SUCCESS (Z_FLAG CORRECT)  : A         B         SEL   C_IN SUM      C_FLAG Z_FLAG TIME
               EXPECTED   : 00000011  10101010  0110  0    10101011 0      0      780 ns
               ACTUAL     :                                10101011 0      0
SUCCESS (SUM CORRECT)     : A         B         SEL   C_IN SUM      C_FLAG Z_FLAG TIME
               EXPECTED   : 10101010  10101010  0111  0    00000000 0      1      820 ns
               ACTUAL     :                                00000000 0      1
SUCCESS (C_FLAG CORRECT)  : A         B         SEL   C_IN SUM      C_FLAG Z_FLAG TIME
               EXPECTED   : 10101010  10101010  0111  0    00000000 0      1      820 ns
               ACTUAL     :                                00000000 0      1
SUCCESS (Z_FLAG CORRECT)  : A         B         SEL   C_IN SUM      C_FLAG Z_FLAG TIME
               EXPECTED   : 10101010  10101010  0111  0    00000000 0      1      820 ns
               ACTUAL     :                                00000000 0      1
SUCCESS (SUM CORRECT)     : A         B         SEL   C_IN SUM      C_FLAG Z_FLAG TIME
               EXPECTED   : 00000011  10101010  0111  0    10101001 0      0      860 ns
               ACTUAL     :                                10101001 0      0
SUCCESS (C_FLAG CORRECT)  : A         B         SEL   C_IN SUM      C_FLAG Z_FLAG TIME
               EXPECTED   : 00000011  10101010  0111  0    10101001 0      0      860 ns
               ACTUAL     :                                10101001 0      0
SUCCESS (Z_FLAG CORRECT)  : A         B         SEL   C_IN SUM      C_FLAG Z_FLAG TIME
               EXPECTED   : 00000011  10101010  0111  0    10101001 0      0      860 ns
               ACTUAL     :                                10101001 0      0
SUCCESS (SUM CORRECT)     : A         B         SEL   C_IN SUM      C_FLAG Z_FLAG TIME
               EXPECTED   : 10101010  10101010  1000  0    10101010 0      0      900 ns
               ACTUAL     :                                10101010 0      0
SUCCESS (C_FLAG CORRECT)  : A         B         SEL   C_IN SUM      C_FLAG Z_FLAG TIME
               EXPECTED   : 10101010  10101010  1000  0    10101010 0      0      900 ns
               ACTUAL     :                                10101010 0      0
SUCCESS (Z_FLAG CORRECT)  : A         B         SEL   C_IN SUM      C_FLAG Z_FLAG TIME
               EXPECTED   : 10101010  10101010  1000  0    10101010 0      0      900 ns
               ACTUAL     :                                10101010 0      0
SUCCESS (SUM CORRECT)     : A         B         SEL   C_IN SUM      C_FLAG Z_FLAG TIME
               EXPECTED   : 01010101  10101010  1000  0    00000000 0      1      940 ns
               ACTUAL     :                                00000000 0      1
SUCCESS (C_FLAG CORRECT)  : A         B         SEL   C_IN SUM      C_FLAG Z_FLAG TIME
               EXPECTED   : 01010101  10101010  1000  0    00000000 0      1      940 ns
               ACTUAL     :                                00000000 0      1
SUCCESS (Z_FLAG CORRECT)  : A         B         SEL   C_IN SUM      C_FLAG Z_FLAG TIME
               EXPECTED   : 01010101  10101010  1000  0    00000000 0      1      940 ns
               ACTUAL     :                                00000000 0      1
SUCCESS (SUM CORRECT)     : A         B         SEL   C_IN SUM      C_FLAG Z_FLAG TIME
               EXPECTED   : 00000001  00010010  1001  0    00000010 0      0      980 ns
               ACTUAL     :                                00000010 0      0
SUCCESS (C_FLAG CORRECT)  : A         B         SEL   C_IN SUM      C_FLAG Z_FLAG TIME
               EXPECTED   : 00000001  00010010  1001  0    00000010 0      0      980 ns
               ACTUAL     :                                00000010 0      0
SUCCESS (Z_FLAG CORRECT)  : A         B         SEL   C_IN SUM      C_FLAG Z_FLAG TIME
               EXPECTED   : 00000001  00010010  1001  0    00000010 0      0      980 ns
               ACTUAL     :                                00000010 0      0
