
*** Running vivado
    with args -log RAT_wrapper.vds -m64 -product Vivado -mode batch -messageDb vivado.pb -notrace -source RAT_wrapper.tcl


****** Vivado v2017.2 (64-bit)
  **** SW Build 1909853 on Thu Jun 15 18:39:09 MDT 2017
  **** IP Build 1909766 on Thu Jun 15 19:58:00 MDT 2017
    ** Copyright 1986-2017 Xilinx, Inc. All Rights Reserved.

source RAT_wrapper.tcl -notrace
Command: synth_design -top RAT_wrapper -part xc7a35tcpg236-1
Starting synth_design
Attempting to get a license for feature 'Synthesis' and/or device 'xc7a35t-cpg236'
INFO: [Common 17-349] Got license for feature 'Synthesis' and/or device 'xc7a35t-cpg236'
INFO: Launching helper process for spawning children vivado processes
INFO: Helper process launched with PID 24328 
---------------------------------------------------------------------------------
Starting RTL Elaboration : Time (s): cpu = 00:00:05 ; elapsed = 00:00:05 . Memory (MB): peak = 304.859 ; gain = 82.914
---------------------------------------------------------------------------------
INFO: [Synth 8-638] synthesizing module 'RAT_wrapper' [C:/Users/dgaiero/Documents/School/College/Year_2/Quarter_2/CPE_233/RAT_COMPLETE/SRC/RAT_WRAPPER.vhd:28]
INFO: [Synth 8-3491] module 'RAT_MCU' declared at 'C:/Users/dgaiero/Documents/School/College/Year_2/Quarter_2/CPE_233/RAT_COMPLETE/SRC/RAT_MCU.vhd:16' bound to instance 'CPU' of component 'RAT_MCU' [C:/Users/dgaiero/Documents/School/College/Year_2/Quarter_2/CPE_233/RAT_COMPLETE/SRC/RAT_WRAPPER.vhd:138]
INFO: [Synth 8-638] synthesizing module 'RAT_MCU' [C:/Users/dgaiero/Documents/School/College/Year_2/Quarter_2/CPE_233/RAT_COMPLETE/SRC/RAT_MCU.vhd:29]
INFO: [Synth 8-3491] module 'CONTROL_UNIT' declared at 'C:/Users/dgaiero/Documents/School/College/Year_2/Quarter_2/CPE_233/RAT_COMPLETE/SRC/CONTROL_UNIT.vhd:29' bound to instance 'CU' of component 'CONTROL_UNIT' [C:/Users/dgaiero/Documents/School/College/Year_2/Quarter_2/CPE_233/RAT_COMPLETE/SRC/RAT_MCU.vhd:284]
INFO: [Synth 8-638] synthesizing module 'CONTROL_UNIT' [C:/Users/dgaiero/Documents/School/College/Year_2/Quarter_2/CPE_233/RAT_COMPLETE/SRC/CONTROL_UNIT.vhd:63]
INFO: [Synth 8-226] default block is never used [C:/Users/dgaiero/Documents/School/College/Year_2/Quarter_2/CPE_233/RAT_COMPLETE/SRC/CONTROL_UNIT.vhd:113]
INFO: [Synth 8-256] done synthesizing module 'CONTROL_UNIT' (1#1) [C:/Users/dgaiero/Documents/School/College/Year_2/Quarter_2/CPE_233/RAT_COMPLETE/SRC/CONTROL_UNIT.vhd:63]
INFO: [Synth 8-3491] module 'INTURREPT_WRAPPER' declared at 'C:/Users/dgaiero/Documents/School/College/Year_2/Quarter_2/CPE_233/RAT_COMPLETE/SRC/INTURREPT_WRAPPER.vhd:12' bound to instance 'INTURREPT_WRAPPER_i' of component 'INTURREPT_WRAPPER' [C:/Users/dgaiero/Documents/School/College/Year_2/Quarter_2/CPE_233/RAT_COMPLETE/SRC/RAT_MCU.vhd:319]
INFO: [Synth 8-638] synthesizing module 'INTURREPT_WRAPPER' [C:/Users/dgaiero/Documents/School/College/Year_2/Quarter_2/CPE_233/RAT_COMPLETE/SRC/INTURREPT_WRAPPER.vhd:22]
INFO: [Synth 8-3491] module 'I_FLAG_FF' declared at 'C:/Users/dgaiero/Documents/School/College/Year_2/Quarter_2/CPE_233/RAT_COMPLETE/SRC/I_FLAG.vhd:12' bound to instance 'I_FLAG_FF_i' of component 'I_FLAG_FF' [C:/Users/dgaiero/Documents/School/College/Year_2/Quarter_2/CPE_233/RAT_COMPLETE/SRC/INTURREPT_WRAPPER.vhd:37]
INFO: [Synth 8-638] synthesizing module 'I_FLAG_FF' [C:/Users/dgaiero/Documents/School/College/Year_2/Quarter_2/CPE_233/RAT_COMPLETE/SRC/I_FLAG.vhd:22]
INFO: [Synth 8-256] done synthesizing module 'I_FLAG_FF' (2#1) [C:/Users/dgaiero/Documents/School/College/Year_2/Quarter_2/CPE_233/RAT_COMPLETE/SRC/I_FLAG.vhd:22]
INFO: [Synth 8-256] done synthesizing module 'INTURREPT_WRAPPER' (3#1) [C:/Users/dgaiero/Documents/School/College/Year_2/Quarter_2/CPE_233/RAT_COMPLETE/SRC/INTURREPT_WRAPPER.vhd:22]
INFO: [Synth 8-3491] module 'FLAGS' declared at 'C:/Users/dgaiero/Documents/School/College/Year_2/Quarter_2/CPE_233/RAT_COMPLETE/SRC/FLAGS.vhd:13' bound to instance 'FLAGS_i' of component 'FLAGS' [C:/Users/dgaiero/Documents/School/College/Year_2/Quarter_2/CPE_233/RAT_COMPLETE/SRC/RAT_MCU.vhd:329]
INFO: [Synth 8-638] synthesizing module 'FLAGS' [C:/Users/dgaiero/Documents/School/College/Year_2/Quarter_2/CPE_233/RAT_COMPLETE/SRC/FLAGS.vhd:30]
INFO: [Synth 8-3491] module 'C_FLG_MUX' declared at 'C:/Users/dgaiero/Documents/School/College/Year_2/Quarter_2/CPE_233/RAT_COMPLETE/SRC/C_FLG_MUX.vhd:15' bound to instance 'C_FLG_MUX_i' of component 'C_FLG_MUX' [C:/Users/dgaiero/Documents/School/College/Year_2/Quarter_2/CPE_233/RAT_COMPLETE/SRC/FLAGS.vhd:100]
INFO: [Synth 8-638] synthesizing module 'C_FLG_MUX' [C:/Users/dgaiero/Documents/School/College/Year_2/Quarter_2/CPE_233/RAT_COMPLETE/SRC/C_FLG_MUX.vhd:22]
INFO: [Synth 8-256] done synthesizing module 'C_FLG_MUX' (4#1) [C:/Users/dgaiero/Documents/School/College/Year_2/Quarter_2/CPE_233/RAT_COMPLETE/SRC/C_FLG_MUX.vhd:22]
INFO: [Synth 8-3491] module 'C_FLAG_FF' declared at 'C:/Users/dgaiero/Documents/School/College/Year_2/Quarter_2/CPE_233/RAT_COMPLETE/SRC/C_FLAG_FF.vhd:22' bound to instance 'C_FLAG_FF_i' of component 'C_FLAG_FF' [C:/Users/dgaiero/Documents/School/College/Year_2/Quarter_2/CPE_233/RAT_COMPLETE/SRC/FLAGS.vhd:108]
INFO: [Synth 8-638] synthesizing module 'C_FLAG_FF' [C:/Users/dgaiero/Documents/School/College/Year_2/Quarter_2/CPE_233/RAT_COMPLETE/SRC/C_FLAG_FF.vhd:34]
INFO: [Synth 8-256] done synthesizing module 'C_FLAG_FF' (5#1) [C:/Users/dgaiero/Documents/School/College/Year_2/Quarter_2/CPE_233/RAT_COMPLETE/SRC/C_FLAG_FF.vhd:34]
INFO: [Synth 8-3491] module 'SHAD_C' declared at 'C:/Users/dgaiero/Documents/School/College/Year_2/Quarter_2/CPE_233/RAT_COMPLETE/SRC/SHAD_C.vhd:12' bound to instance 'SHAD_C_i' of component 'SHAD_C' [C:/Users/dgaiero/Documents/School/College/Year_2/Quarter_2/CPE_233/RAT_COMPLETE/SRC/FLAGS.vhd:119]
INFO: [Synth 8-638] synthesizing module 'SHAD_C' [C:/Users/dgaiero/Documents/School/College/Year_2/Quarter_2/CPE_233/RAT_COMPLETE/SRC/SHAD_C.vhd:22]
INFO: [Synth 8-256] done synthesizing module 'SHAD_C' (6#1) [C:/Users/dgaiero/Documents/School/College/Year_2/Quarter_2/CPE_233/RAT_COMPLETE/SRC/SHAD_C.vhd:22]
INFO: [Synth 8-3491] module 'Z_FLAG_FF' declared at 'C:/Users/dgaiero/Documents/School/College/Year_2/Quarter_2/CPE_233/RAT_COMPLETE/SRC/Z_FLAG_FF.vhd:13' bound to instance 'Z_FLAG_FF_i' of component 'Z_FLAG_FF' [C:/Users/dgaiero/Documents/School/College/Year_2/Quarter_2/CPE_233/RAT_COMPLETE/SRC/FLAGS.vhd:128]
INFO: [Synth 8-638] synthesizing module 'Z_FLAG_FF' [C:/Users/dgaiero/Documents/School/College/Year_2/Quarter_2/CPE_233/RAT_COMPLETE/SRC/Z_FLAG_FF.vhd:23]
INFO: [Synth 8-256] done synthesizing module 'Z_FLAG_FF' (7#1) [C:/Users/dgaiero/Documents/School/College/Year_2/Quarter_2/CPE_233/RAT_COMPLETE/SRC/Z_FLAG_FF.vhd:23]
INFO: [Synth 8-3491] module 'Z_FLG_MUX' declared at 'C:/Users/dgaiero/Documents/School/College/Year_2/Quarter_2/CPE_233/RAT_COMPLETE/SRC/Z_FLG_MUX.vhd:15' bound to instance 'Z_FLAG_MUX_i' of component 'Z_FLG_MUX' [C:/Users/dgaiero/Documents/School/College/Year_2/Quarter_2/CPE_233/RAT_COMPLETE/SRC/FLAGS.vhd:137]
INFO: [Synth 8-638] synthesizing module 'Z_FLG_MUX' [C:/Users/dgaiero/Documents/School/College/Year_2/Quarter_2/CPE_233/RAT_COMPLETE/SRC/Z_FLG_MUX.vhd:22]
INFO: [Synth 8-256] done synthesizing module 'Z_FLG_MUX' (8#1) [C:/Users/dgaiero/Documents/School/College/Year_2/Quarter_2/CPE_233/RAT_COMPLETE/SRC/Z_FLG_MUX.vhd:22]
INFO: [Synth 8-3491] module 'SHAD_Z' declared at 'C:/Users/dgaiero/Documents/School/College/Year_2/Quarter_2/CPE_233/RAT_COMPLETE/SRC/SHAD_Z.vhd:11' bound to instance 'SHAD_Z_i' of component 'SHAD_Z' [C:/Users/dgaiero/Documents/School/College/Year_2/Quarter_2/CPE_233/RAT_COMPLETE/SRC/FLAGS.vhd:145]
INFO: [Synth 8-638] synthesizing module 'SHAD_Z' [C:/Users/dgaiero/Documents/School/College/Year_2/Quarter_2/CPE_233/RAT_COMPLETE/SRC/SHAD_Z.vhd:21]
INFO: [Synth 8-256] done synthesizing module 'SHAD_Z' (9#1) [C:/Users/dgaiero/Documents/School/College/Year_2/Quarter_2/CPE_233/RAT_COMPLETE/SRC/SHAD_Z.vhd:21]
WARNING: [Synth 8-3848] Net Z_FLAG_TEMP in module/entity FLAGS does not have driver. [C:/Users/dgaiero/Documents/School/College/Year_2/Quarter_2/CPE_233/RAT_COMPLETE/SRC/FLAGS.vhd:95]
INFO: [Synth 8-256] done synthesizing module 'FLAGS' (10#1) [C:/Users/dgaiero/Documents/School/College/Year_2/Quarter_2/CPE_233/RAT_COMPLETE/SRC/FLAGS.vhd:30]
INFO: [Synth 8-3491] module 'REG_FILE' declared at 'C:/Users/dgaiero/Documents/School/College/Year_2/Quarter_2/CPE_233/RAT_COMPLETE/SRC/REG_FILE.vhd:14' bound to instance 'REG_FILE_i' of component 'REG_FILE' [C:/Users/dgaiero/Documents/School/College/Year_2/Quarter_2/CPE_233/RAT_COMPLETE/SRC/RAT_MCU.vhd:344]
INFO: [Synth 8-638] synthesizing module 'REG_FILE' [C:/Users/dgaiero/Documents/School/College/Year_2/Quarter_2/CPE_233/RAT_COMPLETE/SRC/REG_FILE.vhd:26]
INFO: [Synth 8-256] done synthesizing module 'REG_FILE' (11#1) [C:/Users/dgaiero/Documents/School/College/Year_2/Quarter_2/CPE_233/RAT_COMPLETE/SRC/REG_FILE.vhd:26]
INFO: [Synth 8-3491] module 'REG_MUX' declared at 'C:/Users/dgaiero/Documents/School/College/Year_2/Quarter_2/CPE_233/RAT_COMPLETE/SRC/REG_MUX.vhd:11' bound to instance 'REG_MUX_i' of component 'REG_MUX' [C:/Users/dgaiero/Documents/School/College/Year_2/Quarter_2/CPE_233/RAT_COMPLETE/SRC/RAT_MCU.vhd:356]
INFO: [Synth 8-638] synthesizing module 'REG_MUX' [C:/Users/dgaiero/Documents/School/College/Year_2/Quarter_2/CPE_233/RAT_COMPLETE/SRC/REG_MUX.vhd:21]
INFO: [Synth 8-256] done synthesizing module 'REG_MUX' (12#1) [C:/Users/dgaiero/Documents/School/College/Year_2/Quarter_2/CPE_233/RAT_COMPLETE/SRC/REG_MUX.vhd:21]
INFO: [Synth 8-3491] module 'prog_rom' declared at 'C:/Users/dgaiero/Documents/School/College/Year_2/Quarter_2/CPE_233/RAT_COMPLETE/SRC/prog_rom.vhd:21' bound to instance 'prog_rom_i' of component 'prog_rom' [C:/Users/dgaiero/Documents/School/College/Year_2/Quarter_2/CPE_233/RAT_COMPLETE/SRC/RAT_MCU.vhd:366]
INFO: [Synth 8-638] synthesizing module 'prog_rom' [C:/Users/dgaiero/Documents/School/College/Year_2/Quarter_2/CPE_233/RAT_COMPLETE/SRC/prog_rom.vhd:29]
	Parameter INIT bound to: 20'b00000000000000000000 
	Parameter INITP_00 bound to: 256'b0000000000000000000000000000000000000000000000000000000000000000000000000000000000000000000000000000000000000000000000000000000000000000000000000001001000100010111011101101111100000000111111110000000000000000000000111011110100000000000000000000000000000000 
	Parameter INITP_01 bound to: 256'b0000000000000000000000000000000000000000000000000000000000000000000000000000000000000000000000000000000000000000000000000000000000000000000000000000000000000000000000000000000000000000000000000000000000000000000000000000000000000000000000000000000000000000 
	Parameter INITP_02 bound to: 256'b0000000000000000000000000000000000000000000000000000000000000000000000000000000000000000000000000000000000000000000000000000000000000000000000000000000000000000000000000000000000000000000000000000000000000000000000000000000000000000000000000000000000000000 
	Parameter INITP_03 bound to: 256'b0000000000000000000000000000000000000000000000000000000000000000000000000000000000000000000000000000000000000000000000000000000000000000000000000000000000000000000000000000000000000000000000000000000000000000000000000000000000000000000000000000000000000000 
	Parameter INITP_04 bound to: 256'b0000000000000000000000000000000000000000000000000000000000000000000000000000000000000000000000000000000000000000000000000000000000000000000000000000000000000000000000000000000000000000000000000000000000000000000000000000000000000000000000000000000000000000 
	Parameter INITP_05 bound to: 256'b0000000000000000000000000000000000000000000000000000000000000000000000000000000000000000000000000000000000000000000000000000000000000000000000000000000000000000000000000000000000000000000000000000000000000000000000000000000000000000000000000000000000000000 
	Parameter INITP_06 bound to: 256'b0000000000000000000000000000000000000000000000000000000000000000000000000000000000000000000000000000000000000000000000000000000000000000000000000000000000000000000000000000000000000000000000000000000000000000000000000000000000000000000000000000000000000000 
	Parameter INITP_07 bound to: 256'b0000000000000000000000000000000000000000000000000000000000000000000000000000000000000000000000000000000000000000000000000000000000000000000000000000000000000000000000000000000000000000000000000000000000000000000000000000000000000000000000000000000000000000 
	Parameter INIT_00 bound to: 256'b0000000000000000000000000000000000000000000000000000000000000000000000000000000000000000000000000000000000000000000000000000000000000000000000000000000000000000000000000000000000000000000000000000000000000000000000000000000000000000000000000000000000000000 
	Parameter INIT_01 bound to: 256'b0000000000000000000000000000000000000000000000000000000000000000000000000000000000000000000000000000000000000000000000000000000000000000000000001000000010001000100000010101100101000011010000000100001100000001010000010100001000100001001000001010000000000000 
	Parameter INIT_02 bound to: 256'b0111101101000000110111000000000101111100111111111101110100000001011111011111111110100000000000110100010001000001011001000000000010000001010110011000000101011001100000010101100110000001010110010100010001000001011001001111111101000010100000010010001000100001 
	Parameter INIT_03 bound to: 256'b0000000000000000000000000000000000000000000000000000000000000000000000000000000000000000000000000000000000000000000000000000000000000000000000001000000000000010100000010110001100111101000000001000000101110011001111000000000010000001100000111101101100000001 
	Parameter INIT_04 bound to: 256'b0000000000000000000000000000000000000000000000000000000000000000000000000000000000000000000000000000000000000000000000000000000000000000000000000000000000000000000000000000000000000000000000000000000000000000000000000000000000000000000000000000000000000000 
	Parameter INIT_05 bound to: 256'b0000000000000000000000000000000000000000000000000000000000000000000000000000000000000000000000000000000000000000000000000000000000000000000000000000000000000000000000000000000000000000000000000000000000000000000000000000000000000000000000000000000000000000 
	Parameter INIT_06 bound to: 256'b0000000000000000000000000000000000000000000000000000000000000000000000000000000000000000000000000000000000000000000000000000000000000000000000000000000000000000000000000000000000000000000000000000000000000000000000000000000000000000000000000000000000000000 
	Parameter INIT_07 bound to: 256'b0000000000000000000000000000000000000000000000000000000000000000000000000000000000000000000000000000000000000000000000000000000000000000000000000000000000000000000000000000000000000000000000000000000000000000000000000000000000000000000000000000000000000000 
	Parameter INIT_08 bound to: 256'b0000000000000000000000000000000000000000000000000000000000000000000000000000000000000000000000000000000000000000000000000000000000000000000000000000000000000000000000000000000000000000000000000000000000000000000000000000000000000000000000000000000000000000 
	Parameter INIT_09 bound to: 256'b0000000000000000000000000000000000000000000000000000000000000000000000000000000000000000000000000000000000000000000000000000000000000000000000000000000000000000000000000000000000000000000000000000000000000000000000000000000000000000000000000000000000000000 
	Parameter INIT_0A bound to: 256'b0000000000000000000000000000000000000000000000000000000000000000000000000000000000000000000000000000000000000000000000000000000000000000000000000000000000000000000000000000000000000000000000000000000000000000000000000000000000000000000000000000000000000000 
	Parameter INIT_0B bound to: 256'b0000000000000000000000000000000000000000000000000000000000000000000000000000000000000000000000000000000000000000000000000000000000000000000000000000000000000000000000000000000000000000000000000000000000000000000000000000000000000000000000000000000000000000 
	Parameter INIT_0C bound to: 256'b0000000000000000000000000000000000000000000000000000000000000000000000000000000000000000000000000000000000000000000000000000000000000000000000000000000000000000000000000000000000000000000000000000000000000000000000000000000000000000000000000000000000000000 
	Parameter INIT_0D bound to: 256'b0000000000000000000000000000000000000000000000000000000000000000000000000000000000000000000000000000000000000000000000000000000000000000000000000000000000000000000000000000000000000000000000000000000000000000000000000000000000000000000000000000000000000000 
	Parameter INIT_0E bound to: 256'b0000000000000000000000000000000000000000000000000000000000000000000000000000000000000000000000000000000000000000000000000000000000000000000000000000000000000000000000000000000000000000000000000000000000000000000000000000000000000000000000000000000000000000 
	Parameter INIT_0F bound to: 256'b0000000000000000000000000000000000000000000000000000000000000000000000000000000000000000000000000000000000000000000000000000000000000000000000000000000000000000000000000000000000000000000000000000000000000000000000000000000000000000000000000000000000000000 
	Parameter INIT_10 bound to: 256'b0000000000000000000000000000000000000000000000000000000000000000000000000000000000000000000000000000000000000000000000000000000000000000000000000000000000000000000000000000000000000000000000000000000000000000000000000000000000000000000000000000000000000000 
	Parameter INIT_11 bound to: 256'b0000000000000000000000000000000000000000000000000000000000000000000000000000000000000000000000000000000000000000000000000000000000000000000000000000000000000000000000000000000000000000000000000000000000000000000000000000000000000000000000000000000000000000 
	Parameter INIT_12 bound to: 256'b0000000000000000000000000000000000000000000000000000000000000000000000000000000000000000000000000000000000000000000000000000000000000000000000000000000000000000000000000000000000000000000000000000000000000000000000000000000000000000000000000000000000000000 
	Parameter INIT_13 bound to: 256'b0000000000000000000000000000000000000000000000000000000000000000000000000000000000000000000000000000000000000000000000000000000000000000000000000000000000000000000000000000000000000000000000000000000000000000000000000000000000000000000000000000000000000000 
	Parameter INIT_14 bound to: 256'b0000000000000000000000000000000000000000000000000000000000000000000000000000000000000000000000000000000000000000000000000000000000000000000000000000000000000000000000000000000000000000000000000000000000000000000000000000000000000000000000000000000000000000 
	Parameter INIT_15 bound to: 256'b0000000000000000000000000000000000000000000000000000000000000000000000000000000000000000000000000000000000000000000000000000000000000000000000000000000000000000000000000000000000000000000000000000000000000000000000000000000000000000000000000000000000000000 
	Parameter INIT_16 bound to: 256'b0000000000000000000000000000000000000000000000000000000000000000000000000000000000000000000000000000000000000000000000000000000000000000000000000000000000000000000000000000000000000000000000000000000000000000000000000000000000000000000000000000000000000000 
	Parameter INIT_17 bound to: 256'b0000000000000000000000000000000000000000000000000000000000000000000000000000000000000000000000000000000000000000000000000000000000000000000000000000000000000000000000000000000000000000000000000000000000000000000000000000000000000000000000000000000000000000 
	Parameter INIT_18 bound to: 256'b0000000000000000000000000000000000000000000000000000000000000000000000000000000000000000000000000000000000000000000000000000000000000000000000000000000000000000000000000000000000000000000000000000000000000000000000000000000000000000000000000000000000000000 
	Parameter INIT_19 bound to: 256'b0000000000000000000000000000000000000000000000000000000000000000000000000000000000000000000000000000000000000000000000000000000000000000000000000000000000000000000000000000000000000000000000000000000000000000000000000000000000000000000000000000000000000000 
	Parameter INIT_1A bound to: 256'b0000000000000000000000000000000000000000000000000000000000000000000000000000000000000000000000000000000000000000000000000000000000000000000000000000000000000000000000000000000000000000000000000000000000000000000000000000000000000000000000000000000000000000 
	Parameter INIT_1B bound to: 256'b0000000000000000000000000000000000000000000000000000000000000000000000000000000000000000000000000000000000000000000000000000000000000000000000000000000000000000000000000000000000000000000000000000000000000000000000000000000000000000000000000000000000000000 
	Parameter INIT_1C bound to: 256'b0000000000000000000000000000000000000000000000000000000000000000000000000000000000000000000000000000000000000000000000000000000000000000000000000000000000000000000000000000000000000000000000000000000000000000000000000000000000000000000000000000000000000000 
	Parameter INIT_1D bound to: 256'b0000000000000000000000000000000000000000000000000000000000000000000000000000000000000000000000000000000000000000000000000000000000000000000000000000000000000000000000000000000000000000000000000000000000000000000000000000000000000000000000000000000000000000 
	Parameter INIT_1E bound to: 256'b0000000000000000000000000000000000000000000000000000000000000000000000000000000000000000000000000000000000000000000000000000000000000000000000000000000000000000000000000000000000000000000000000000000000000000000000000000000000000000000000000000000000000000 
	Parameter INIT_1F bound to: 256'b0000000000000000000000000000000000000000000000000000000000000000000000000000000000000000000000000000000000000000000000000000000000000000000000000000000000000000000000000000000000000000000000000000000000000000000000000000000000000000000000000000000000000000 
	Parameter INIT_20 bound to: 256'b0000000000000000000000000000000000000000000000000000000000000000000000000000000000000000000000000000000000000000000000000000000000000000000000000000000000000000000000000000000000000000000000000000000000000000000000000000000000000000000000000000000000000000 
	Parameter INIT_21 bound to: 256'b0000000000000000000000000000000000000000000000000000000000000000000000000000000000000000000000000000000000000000000000000000000000000000000000000000000000000000000000000000000000000000000000000000000000000000000000000000000000000000000000000000000000000000 
	Parameter INIT_22 bound to: 256'b0000000000000000000000000000000000000000000000000000000000000000000000000000000000000000000000000000000000000000000000000000000000000000000000000000000000000000000000000000000000000000000000000000000000000000000000000000000000000000000000000000000000000000 
	Parameter INIT_23 bound to: 256'b0000000000000000000000000000000000000000000000000000000000000000000000000000000000000000000000000000000000000000000000000000000000000000000000000000000000000000000000000000000000000000000000000000000000000000000000000000000000000000000000000000000000000000 
	Parameter INIT_24 bound to: 256'b0000000000000000000000000000000000000000000000000000000000000000000000000000000000000000000000000000000000000000000000000000000000000000000000000000000000000000000000000000000000000000000000000000000000000000000000000000000000000000000000000000000000000000 
	Parameter INIT_25 bound to: 256'b0000000000000000000000000000000000000000000000000000000000000000000000000000000000000000000000000000000000000000000000000000000000000000000000000000000000000000000000000000000000000000000000000000000000000000000000000000000000000000000000000000000000000000 
	Parameter INIT_26 bound to: 256'b0000000000000000000000000000000000000000000000000000000000000000000000000000000000000000000000000000000000000000000000000000000000000000000000000000000000000000000000000000000000000000000000000000000000000000000000000000000000000000000000000000000000000000 
	Parameter INIT_27 bound to: 256'b0000000000000000000000000000000000000000000000000000000000000000000000000000000000000000000000000000000000000000000000000000000000000000000000000000000000000000000000000000000000000000000000000000000000000000000000000000000000000000000000000000000000000000 
	Parameter INIT_28 bound to: 256'b0000000000000000000000000000000000000000000000000000000000000000000000000000000000000000000000000000000000000000000000000000000000000000000000000000000000000000000000000000000000000000000000000000000000000000000000000000000000000000000000000000000000000000 
	Parameter INIT_29 bound to: 256'b0000000000000000000000000000000000000000000000000000000000000000000000000000000000000000000000000000000000000000000000000000000000000000000000000000000000000000000000000000000000000000000000000000000000000000000000000000000000000000000000000000000000000000 
	Parameter INIT_2A bound to: 256'b0000000000000000000000000000000000000000000000000000000000000000000000000000000000000000000000000000000000000000000000000000000000000000000000000000000000000000000000000000000000000000000000000000000000000000000000000000000000000000000000000000000000000000 
	Parameter INIT_2B bound to: 256'b0000000000000000000000000000000000000000000000000000000000000000000000000000000000000000000000000000000000000000000000000000000000000000000000000000000000000000000000000000000000000000000000000000000000000000000000000000000000000000000000000000000000000000 
	Parameter INIT_2C bound to: 256'b0000000000000000000000000000000000000000000000000000000000000000000000000000000000000000000000000000000000000000000000000000000000000000000000000000000000000000000000000000000000000000000000000000000000000000000000000000000000000000000000000000000000000000 
	Parameter INIT_2D bound to: 256'b0000000000000000000000000000000000000000000000000000000000000000000000000000000000000000000000000000000000000000000000000000000000000000000000000000000000000000000000000000000000000000000000000000000000000000000000000000000000000000000000000000000000000000 
	Parameter INIT_2E bound to: 256'b0000000000000000000000000000000000000000000000000000000000000000000000000000000000000000000000000000000000000000000000000000000000000000000000000000000000000000000000000000000000000000000000000000000000000000000000000000000000000000000000000000000000000000 
	Parameter INIT_2F bound to: 256'b0000000000000000000000000000000000000000000000000000000000000000000000000000000000000000000000000000000000000000000000000000000000000000000000000000000000000000000000000000000000000000000000000000000000000000000000000000000000000000000000000000000000000000 
	Parameter INIT_30 bound to: 256'b0000000000000000000000000000000000000000000000000000000000000000000000000000000000000000000000000000000000000000000000000000000000000000000000000000000000000000000000000000000000000000000000000000000000000000000000000000000000000000000000000000000000000000 
	Parameter INIT_31 bound to: 256'b0000000000000000000000000000000000000000000000000000000000000000000000000000000000000000000000000000000000000000000000000000000000000000000000000000000000000000000000000000000000000000000000000000000000000000000000000000000000000000000000000000000000000000 
	Parameter INIT_32 bound to: 256'b0000000000000000000000000000000000000000000000000000000000000000000000000000000000000000000000000000000000000000000000000000000000000000000000000000000000000000000000000000000000000000000000000000000000000000000000000000000000000000000000000000000000000000 
	Parameter INIT_33 bound to: 256'b0000000000000000000000000000000000000000000000000000000000000000000000000000000000000000000000000000000000000000000000000000000000000000000000000000000000000000000000000000000000000000000000000000000000000000000000000000000000000000000000000000000000000000 
	Parameter INIT_34 bound to: 256'b0000000000000000000000000000000000000000000000000000000000000000000000000000000000000000000000000000000000000000000000000000000000000000000000000000000000000000000000000000000000000000000000000000000000000000000000000000000000000000000000000000000000000000 
	Parameter INIT_35 bound to: 256'b0000000000000000000000000000000000000000000000000000000000000000000000000000000000000000000000000000000000000000000000000000000000000000000000000000000000000000000000000000000000000000000000000000000000000000000000000000000000000000000000000000000000000000 
	Parameter INIT_36 bound to: 256'b0000000000000000000000000000000000000000000000000000000000000000000000000000000000000000000000000000000000000000000000000000000000000000000000000000000000000000000000000000000000000000000000000000000000000000000000000000000000000000000000000000000000000000 
	Parameter INIT_37 bound to: 256'b0000000000000000000000000000000000000000000000000000000000000000000000000000000000000000000000000000000000000000000000000000000000000000000000000000000000000000000000000000000000000000000000000000000000000000000000000000000000000000000000000000000000000000 
	Parameter INIT_38 bound to: 256'b0000000000000000000000000000000000000000000000000000000000000000000000000000000000000000000000000000000000000000000000000000000000000000000000000000000000000000000000000000000000000000000000000000000000000000000000000000000000000000000000000000000000000000 
	Parameter INIT_39 bound to: 256'b0000000000000000000000000000000000000000000000000000000000000000000000000000000000000000000000000000000000000000000000000000000000000000000000000000000000000000000000000000000000000000000000000000000000000000000000000000000000000000000000000000000000000000 
	Parameter INIT_3A bound to: 256'b0000000000000000000000000000000000000000000000000000000000000000000000000000000000000000000000000000000000000000000000000000000000000000000000000000000000000000000000000000000000000000000000000000000000000000000000000000000000000000000000000000000000000000 
	Parameter INIT_3B bound to: 256'b0000000000000000000000000000000000000000000000000000000000000000000000000000000000000000000000000000000000000000000000000000000000000000000000000000000000000000000000000000000000000000000000000000000000000000000000000000000000000000000000000000000000000000 
	Parameter INIT_3C bound to: 256'b0000000000000000000000000000000000000000000000000000000000000000000000000000000000000000000000000000000000000000000000000000000000000000000000000000000000000000000000000000000000000000000000000000000000000000000000000000000000000000000000000000000000000000 
	Parameter INIT_3D bound to: 256'b0000000000000000000000000000000000000000000000000000000000000000000000000000000000000000000000000000000000000000000000000000000000000000000000000000000000000000000000000000000000000000000000000000000000000000000000000000000000000000000000000000000000000000 
	Parameter INIT_3E bound to: 256'b0000000000000000000000000000000000000000000000000000000000000000000000000000000000000000000000000000000000000000000000000000000000000000000000000000000000000000000000000000000000000000000000000000000000000000000000000000000000000000000000000000000000000000 
	Parameter INIT_3F bound to: 256'b1000000100000000000000000000000000000000000000000000000000000000000000000000000000000000000000000000000000000000000000000000000000000000000000000000000000000000000000000000000000000000000000000000000000000000000000000000000000000000000000000000000000000000 
	Parameter SRVAL bound to: 20'b00000000000000000000 
	Parameter WRITE_MODE bound to: WRITE_FIRST - type: string 
INFO: [Synth 8-113] binding component instance 'ram_1024_x_18' to cell 'RAMB16_S18' [C:/Users/dgaiero/Documents/School/College/Year_2/Quarter_2/CPE_233/RAT_COMPLETE/SRC/prog_rom.vhd:194]
INFO: [Synth 8-256] done synthesizing module 'prog_rom' (13#1) [C:/Users/dgaiero/Documents/School/College/Year_2/Quarter_2/CPE_233/RAT_COMPLETE/SRC/prog_rom.vhd:29]
INFO: [Synth 8-3491] module 'ALU_MUX' declared at 'C:/Users/dgaiero/Documents/School/College/Year_2/Quarter_2/CPE_233/RAT_COMPLETE/SRC/ALU_MUX.vhd:34' bound to instance 'ALU_MUX_i' of component 'ALU_MUX' [C:/Users/dgaiero/Documents/School/College/Year_2/Quarter_2/CPE_233/RAT_COMPLETE/SRC/RAT_MCU.vhd:374]
INFO: [Synth 8-638] synthesizing module 'ALU_MUX' [C:/Users/dgaiero/Documents/School/College/Year_2/Quarter_2/CPE_233/RAT_COMPLETE/SRC/ALU_MUX.vhd:41]
INFO: [Synth 8-256] done synthesizing module 'ALU_MUX' (14#1) [C:/Users/dgaiero/Documents/School/College/Year_2/Quarter_2/CPE_233/RAT_COMPLETE/SRC/ALU_MUX.vhd:41]
INFO: [Synth 8-3491] module 'ALU' declared at 'C:/Users/dgaiero/Documents/School/College/Year_2/Quarter_2/CPE_233/RAT_COMPLETE/SRC/ALU.vhd:15' bound to instance 'ALU_i' of component 'ALU' [C:/Users/dgaiero/Documents/School/College/Year_2/Quarter_2/CPE_233/RAT_COMPLETE/SRC/RAT_MCU.vhd:382]
INFO: [Synth 8-638] synthesizing module 'ALU' [C:/Users/dgaiero/Documents/School/College/Year_2/Quarter_2/CPE_233/RAT_COMPLETE/SRC/ALU.vhd:26]
INFO: [Synth 8-256] done synthesizing module 'ALU' (15#1) [C:/Users/dgaiero/Documents/School/College/Year_2/Quarter_2/CPE_233/RAT_COMPLETE/SRC/ALU.vhd:26]
INFO: [Synth 8-3491] module 'pc_mux' declared at 'C:/Users/dgaiero/Documents/School/College/Year_2/Quarter_2/CPE_233/RAT_COMPLETE/SRC/pc_mux.vhd:21' bound to instance 'PC_MUX_1' of component 'pc_mux' [C:/Users/dgaiero/Documents/School/College/Year_2/Quarter_2/CPE_233/RAT_COMPLETE/SRC/RAT_MCU.vhd:394]
INFO: [Synth 8-638] synthesizing module 'pc_mux' [C:/Users/dgaiero/Documents/School/College/Year_2/Quarter_2/CPE_233/RAT_COMPLETE/SRC/pc_mux.vhd:29]
INFO: [Synth 8-256] done synthesizing module 'pc_mux' (16#1) [C:/Users/dgaiero/Documents/School/College/Year_2/Quarter_2/CPE_233/RAT_COMPLETE/SRC/pc_mux.vhd:29]
INFO: [Synth 8-3491] module 'program_counter' declared at 'C:/Users/dgaiero/Documents/School/College/Year_2/Quarter_2/CPE_233/RAT_COMPLETE/SRC/program_counter.vhd:24' bound to instance 'PC' of component 'program_counter' [C:/Users/dgaiero/Documents/School/College/Year_2/Quarter_2/CPE_233/RAT_COMPLETE/SRC/RAT_MCU.vhd:402]
INFO: [Synth 8-638] synthesizing module 'program_counter' [C:/Users/dgaiero/Documents/School/College/Year_2/Quarter_2/CPE_233/RAT_COMPLETE/SRC/program_counter.vhd:35]
INFO: [Synth 8-256] done synthesizing module 'program_counter' (17#1) [C:/Users/dgaiero/Documents/School/College/Year_2/Quarter_2/CPE_233/RAT_COMPLETE/SRC/program_counter.vhd:35]
INFO: [Synth 8-3491] module 'stack_pointer' declared at 'C:/Users/dgaiero/Documents/School/College/Year_2/Quarter_2/CPE_233/RAT_COMPLETE/SRC/stack_pointer.vhd:24' bound to instance 'stack_pointer_i' of component 'stack_pointer' [C:/Users/dgaiero/Documents/School/College/Year_2/Quarter_2/CPE_233/RAT_COMPLETE/SRC/RAT_MCU.vhd:413]
INFO: [Synth 8-638] synthesizing module 'stack_pointer' [C:/Users/dgaiero/Documents/School/College/Year_2/Quarter_2/CPE_233/RAT_COMPLETE/SRC/stack_pointer.vhd:36]
INFO: [Synth 8-256] done synthesizing module 'stack_pointer' (18#1) [C:/Users/dgaiero/Documents/School/College/Year_2/Quarter_2/CPE_233/RAT_COMPLETE/SRC/stack_pointer.vhd:36]
INFO: [Synth 8-3491] module 'SCR_DATA_MUX' declared at 'C:/Users/dgaiero/Documents/School/College/Year_2/Quarter_2/CPE_233/RAT_COMPLETE/SRC/SCR_DATA_MUX.vhd:15' bound to instance 'SCR_DATA_MUX_i' of component 'SCR_DATA_MUX' [C:/Users/dgaiero/Documents/School/College/Year_2/Quarter_2/CPE_233/RAT_COMPLETE/SRC/RAT_MCU.vhd:424]
INFO: [Synth 8-638] synthesizing module 'SCR_DATA_MUX' [C:/Users/dgaiero/Documents/School/College/Year_2/Quarter_2/CPE_233/RAT_COMPLETE/SRC/SCR_DATA_MUX.vhd:22]
INFO: [Synth 8-256] done synthesizing module 'SCR_DATA_MUX' (19#1) [C:/Users/dgaiero/Documents/School/College/Year_2/Quarter_2/CPE_233/RAT_COMPLETE/SRC/SCR_DATA_MUX.vhd:22]
INFO: [Synth 8-3491] module 'SCRATCH_RAM' declared at 'C:/Users/dgaiero/Documents/School/College/Year_2/Quarter_2/CPE_233/RAT_COMPLETE/SRC/SCRATCH_RAM.vhd:16' bound to instance 'SCRATCH_RAM_i' of component 'SCRATCH_RAM' [C:/Users/dgaiero/Documents/School/College/Year_2/Quarter_2/CPE_233/RAT_COMPLETE/SRC/RAT_MCU.vhd:432]
INFO: [Synth 8-638] synthesizing module 'SCRATCH_RAM' [C:/Users/dgaiero/Documents/School/College/Year_2/Quarter_2/CPE_233/RAT_COMPLETE/SRC/SCRATCH_RAM.vhd:26]
INFO: [Synth 8-256] done synthesizing module 'SCRATCH_RAM' (20#1) [C:/Users/dgaiero/Documents/School/College/Year_2/Quarter_2/CPE_233/RAT_COMPLETE/SRC/SCRATCH_RAM.vhd:26]
INFO: [Synth 8-3491] module 'SCR_ADDR_MUX' declared at 'C:/Users/dgaiero/Documents/School/College/Year_2/Quarter_2/CPE_233/RAT_COMPLETE/SRC/SCR_ADDR_MUX.vhd:14' bound to instance 'SCR_ADDR_MUX_i' of component 'SCR_ADDR_MUX' [C:/Users/dgaiero/Documents/School/College/Year_2/Quarter_2/CPE_233/RAT_COMPLETE/SRC/RAT_MCU.vhd:441]
INFO: [Synth 8-638] synthesizing module 'SCR_ADDR_MUX' [C:/Users/dgaiero/Documents/School/College/Year_2/Quarter_2/CPE_233/RAT_COMPLETE/SRC/SCR_ADDR_MUX.vhd:23]
INFO: [Synth 8-256] done synthesizing module 'SCR_ADDR_MUX' (21#1) [C:/Users/dgaiero/Documents/School/College/Year_2/Quarter_2/CPE_233/RAT_COMPLETE/SRC/SCR_ADDR_MUX.vhd:23]
INFO: [Synth 8-256] done synthesizing module 'RAT_MCU' (22#1) [C:/Users/dgaiero/Documents/School/College/Year_2/Quarter_2/CPE_233/RAT_COMPLETE/SRC/RAT_MCU.vhd:29]
INFO: [Synth 8-3491] module 'sseg_dec' declared at 'C:/Users/dgaiero/Documents/School/College/Year_2/Quarter_2/CPE_233/RAT_COMPLETE/SRC/BCD7SEG_8.vhdl:22' bound to instance 'sseg_dec_i' of component 'sseg_dec' [C:/Users/dgaiero/Documents/School/College/Year_2/Quarter_2/CPE_233/RAT_COMPLETE/SRC/RAT_WRAPPER.vhd:157]
INFO: [Synth 8-638] synthesizing module 'sseg_dec' [C:/Users/dgaiero/Documents/School/College/Year_2/Quarter_2/CPE_233/RAT_COMPLETE/SRC/BCD7SEG_8.vhdl:32]
INFO: [Synth 8-3491] module 'bin2bcdconv' declared at 'C:/Users/dgaiero/Documents/School/College/Year_2/Quarter_2/CPE_233/RAT_COMPLETE/SRC/BCD7SEG_8.vhdl:136' bound to instance 'my_conv' of component 'bin2bcdconv' [C:/Users/dgaiero/Documents/School/College/Year_2/Quarter_2/CPE_233/RAT_COMPLETE/SRC/BCD7SEG_8.vhdl:56]
INFO: [Synth 8-638] synthesizing module 'bin2bcdconv' [C:/Users/dgaiero/Documents/School/College/Year_2/Quarter_2/CPE_233/RAT_COMPLETE/SRC/BCD7SEG_8.vhdl:146]
WARNING: [Synth 8-6014] Unused sequential element cnt_tot_reg was removed.  [C:/Users/dgaiero/Documents/School/College/Year_2/Quarter_2/CPE_233/RAT_COMPLETE/SRC/BCD7SEG_8.vhdl:154]
WARNING: [Synth 8-6014] Unused sequential element msd_reg was removed.  [C:/Users/dgaiero/Documents/School/College/Year_2/Quarter_2/CPE_233/RAT_COMPLETE/SRC/BCD7SEG_8.vhdl:165]
WARNING: [Synth 8-6014] Unused sequential element mmsd_reg was removed.  [C:/Users/dgaiero/Documents/School/College/Year_2/Quarter_2/CPE_233/RAT_COMPLETE/SRC/BCD7SEG_8.vhdl:166]
WARNING: [Synth 8-6014] Unused sequential element lsd_reg was removed.  [C:/Users/dgaiero/Documents/School/College/Year_2/Quarter_2/CPE_233/RAT_COMPLETE/SRC/BCD7SEG_8.vhdl:167]
INFO: [Synth 8-256] done synthesizing module 'bin2bcdconv' (23#1) [C:/Users/dgaiero/Documents/School/College/Year_2/Quarter_2/CPE_233/RAT_COMPLETE/SRC/BCD7SEG_8.vhdl:146]
INFO: [Synth 8-3491] module 'clk_div' declared at 'C:/Users/dgaiero/Documents/School/College/Year_2/Quarter_2/CPE_233/RAT_COMPLETE/SRC/BCD7SEG_8.vhdl:236' bound to instance 'my_clk' of component 'clk_div' [C:/Users/dgaiero/Documents/School/College/Year_2/Quarter_2/CPE_233/RAT_COMPLETE/SRC/BCD7SEG_8.vhdl:62]
INFO: [Synth 8-638] synthesizing module 'clk_div' [C:/Users/dgaiero/Documents/School/College/Year_2/Quarter_2/CPE_233/RAT_COMPLETE/SRC/BCD7SEG_8.vhdl:241]
INFO: [Synth 8-256] done synthesizing module 'clk_div' (24#1) [C:/Users/dgaiero/Documents/School/College/Year_2/Quarter_2/CPE_233/RAT_COMPLETE/SRC/BCD7SEG_8.vhdl:241]
INFO: [Synth 8-226] default block is never used [C:/Users/dgaiero/Documents/School/College/Year_2/Quarter_2/CPE_233/RAT_COMPLETE/SRC/BCD7SEG_8.vhdl:112]
WARNING: [Synth 8-6014] Unused sequential element mmsd_v_reg was removed.  [C:/Users/dgaiero/Documents/School/College/Year_2/Quarter_2/CPE_233/RAT_COMPLETE/SRC/BCD7SEG_8.vhdl:101]
WARNING: [Synth 8-6014] Unused sequential element msd_v_reg was removed.  [C:/Users/dgaiero/Documents/School/College/Year_2/Quarter_2/CPE_233/RAT_COMPLETE/SRC/BCD7SEG_8.vhdl:102]
INFO: [Synth 8-256] done synthesizing module 'sseg_dec' (25#1) [C:/Users/dgaiero/Documents/School/College/Year_2/Quarter_2/CPE_233/RAT_COMPLETE/SRC/BCD7SEG_8.vhdl:32]
INFO: [Synth 8-3491] module 'Interrupt_Driver' declared at 'C:/Users/dgaiero/Documents/School/College/Year_2/Quarter_2/CPE_233/RAT_COMPLETE/SRC/Interrupt_Driver.vhd:15' bound to instance 'int_dvr_i' of component 'Interrupt_Driver' [C:/Users/dgaiero/Documents/School/College/Year_2/Quarter_2/CPE_233/RAT_COMPLETE/SRC/RAT_WRAPPER.vhd:165]
INFO: [Synth 8-638] synthesizing module 'Interrupt_Driver' [C:/Users/dgaiero/Documents/School/College/Year_2/Quarter_2/CPE_233/RAT_COMPLETE/SRC/Interrupt_Driver.vhd:24]
INFO: [Synth 8-3491] module 'I_FLAG_DVR_FF' declared at 'C:/Users/dgaiero/Documents/School/College/Year_2/Quarter_2/CPE_233/RAT_COMPLETE/SRC/I_FLG_DVR_FF.vhd:12' bound to instance 'I_FLAG_FF_0' of component 'I_FLAG_DVR_FF' [C:/Users/dgaiero/Documents/School/College/Year_2/Quarter_2/CPE_233/RAT_COMPLETE/SRC/Interrupt_Driver.vhd:39]
INFO: [Synth 8-638] synthesizing module 'I_FLAG_DVR_FF' [C:/Users/dgaiero/Documents/School/College/Year_2/Quarter_2/CPE_233/RAT_COMPLETE/SRC/I_FLG_DVR_FF.vhd:22]
INFO: [Synth 8-256] done synthesizing module 'I_FLAG_DVR_FF' (26#1) [C:/Users/dgaiero/Documents/School/College/Year_2/Quarter_2/CPE_233/RAT_COMPLETE/SRC/I_FLG_DVR_FF.vhd:22]
INFO: [Synth 8-3491] module 'I_FLAG_DVR_FF' declared at 'C:/Users/dgaiero/Documents/School/College/Year_2/Quarter_2/CPE_233/RAT_COMPLETE/SRC/I_FLG_DVR_FF.vhd:12' bound to instance 'I_FLAG_FF_1' of component 'I_FLAG_DVR_FF' [C:/Users/dgaiero/Documents/School/College/Year_2/Quarter_2/CPE_233/RAT_COMPLETE/SRC/Interrupt_Driver.vhd:46]
INFO: [Synth 8-3491] module 'I_FLAG_DVR_FF' declared at 'C:/Users/dgaiero/Documents/School/College/Year_2/Quarter_2/CPE_233/RAT_COMPLETE/SRC/I_FLG_DVR_FF.vhd:12' bound to instance 'I_FLAG_FF_2' of component 'I_FLAG_DVR_FF' [C:/Users/dgaiero/Documents/School/College/Year_2/Quarter_2/CPE_233/RAT_COMPLETE/SRC/Interrupt_Driver.vhd:53]
INFO: [Synth 8-3491] module 'I_FLAG_DVR_FF' declared at 'C:/Users/dgaiero/Documents/School/College/Year_2/Quarter_2/CPE_233/RAT_COMPLETE/SRC/I_FLG_DVR_FF.vhd:12' bound to instance 'I_FLAG_FF_3' of component 'I_FLAG_DVR_FF' [C:/Users/dgaiero/Documents/School/College/Year_2/Quarter_2/CPE_233/RAT_COMPLETE/SRC/Interrupt_Driver.vhd:60]
INFO: [Synth 8-3491] module 'I_FLAG_DVR_FF' declared at 'C:/Users/dgaiero/Documents/School/College/Year_2/Quarter_2/CPE_233/RAT_COMPLETE/SRC/I_FLG_DVR_FF.vhd:12' bound to instance 'I_FLAG_FF_4' of component 'I_FLAG_DVR_FF' [C:/Users/dgaiero/Documents/School/College/Year_2/Quarter_2/CPE_233/RAT_COMPLETE/SRC/Interrupt_Driver.vhd:67]
INFO: [Synth 8-3491] module 'I_FLAG_DVR_FF' declared at 'C:/Users/dgaiero/Documents/School/College/Year_2/Quarter_2/CPE_233/RAT_COMPLETE/SRC/I_FLG_DVR_FF.vhd:12' bound to instance 'I_FLAG_FF_5' of component 'I_FLAG_DVR_FF' [C:/Users/dgaiero/Documents/School/College/Year_2/Quarter_2/CPE_233/RAT_COMPLETE/SRC/Interrupt_Driver.vhd:74]
INFO: [Synth 8-3491] module 'I_FLAG_DVR_FF' declared at 'C:/Users/dgaiero/Documents/School/College/Year_2/Quarter_2/CPE_233/RAT_COMPLETE/SRC/I_FLG_DVR_FF.vhd:12' bound to instance 'I_FLAG_FF_6' of component 'I_FLAG_DVR_FF' [C:/Users/dgaiero/Documents/School/College/Year_2/Quarter_2/CPE_233/RAT_COMPLETE/SRC/Interrupt_Driver.vhd:81]
INFO: [Synth 8-3491] module 'I_FLAG_DVR_FF' declared at 'C:/Users/dgaiero/Documents/School/College/Year_2/Quarter_2/CPE_233/RAT_COMPLETE/SRC/I_FLG_DVR_FF.vhd:12' bound to instance 'I_FLAG_FF_7' of component 'I_FLAG_DVR_FF' [C:/Users/dgaiero/Documents/School/College/Year_2/Quarter_2/CPE_233/RAT_COMPLETE/SRC/Interrupt_Driver.vhd:88]
INFO: [Synth 8-256] done synthesizing module 'Interrupt_Driver' (27#1) [C:/Users/dgaiero/Documents/School/College/Year_2/Quarter_2/CPE_233/RAT_COMPLETE/SRC/Interrupt_Driver.vhd:24]
WARNING: [Synth 8-614] signal 'INTERRUPT_STATUS' is read in the process but is not in the sensitivity list [C:/Users/dgaiero/Documents/School/College/Year_2/Quarter_2/CPE_233/RAT_COMPLETE/SRC/RAT_WRAPPER.vhd:185]
INFO: [Synth 8-256] done synthesizing module 'RAT_wrapper' (28#1) [C:/Users/dgaiero/Documents/School/College/Year_2/Quarter_2/CPE_233/RAT_COMPLETE/SRC/RAT_WRAPPER.vhd:28]
---------------------------------------------------------------------------------
Finished RTL Elaboration : Time (s): cpu = 00:00:06 ; elapsed = 00:00:07 . Memory (MB): peak = 355.895 ; gain = 133.949
---------------------------------------------------------------------------------

Report Check Netlist: 
+------+------------------+-------+---------+-------+------------------+
|      |Item              |Errors |Warnings |Status |Description       |
+------+------------------+-------+---------+-------+------------------+
|1     |multi_driven_nets |      0|        0|Passed |Multi driven nets |
+------+------------------+-------+---------+-------+------------------+
---------------------------------------------------------------------------------
Finished RTL Optimization Phase 1 : Time (s): cpu = 00:00:07 ; elapsed = 00:00:07 . Memory (MB): peak = 355.895 ; gain = 133.949
---------------------------------------------------------------------------------
INFO: [Netlist 29-17] Analyzing 1 Unisim elements for replacement
INFO: [Netlist 29-28] Unisim Transformation completed in 0 CPU seconds
INFO: [Device 21-403] Loading part xc7a35tcpg236-1
INFO: [Project 1-570] Preparing netlist for logic optimization

Processing XDC Constraints
Initializing timing engine
Parsing XDC File [C:/Users/dgaiero/Documents/School/College/Year_2/Quarter_2/CPE_233/RAT_COMPLETE/SRC/Basys3_constraints.xdc]
WARNING: [Vivado 12-584] No ports matched 'INT'. [C:/Users/dgaiero/Documents/School/College/Year_2/Quarter_2/CPE_233/RAT_COMPLETE/SRC/Basys3_constraints.xdc:113]
CRITICAL WARNING: [Common 17-55] 'set_property' expects at least one object. [C:/Users/dgaiero/Documents/School/College/Year_2/Quarter_2/CPE_233/RAT_COMPLETE/SRC/Basys3_constraints.xdc:113]
Resolution: If [get_<value>] was used to populate the object, check to make sure this command returns at least one valid object.
WARNING: [Vivado 12-584] No ports matched 'INT'. [C:/Users/dgaiero/Documents/School/College/Year_2/Quarter_2/CPE_233/RAT_COMPLETE/SRC/Basys3_constraints.xdc:114]
CRITICAL WARNING: [Common 17-55] 'set_property' expects at least one object. [C:/Users/dgaiero/Documents/School/College/Year_2/Quarter_2/CPE_233/RAT_COMPLETE/SRC/Basys3_constraints.xdc:114]
Resolution: If [get_<value>] was used to populate the object, check to make sure this command returns at least one valid object.
Finished Parsing XDC File [C:/Users/dgaiero/Documents/School/College/Year_2/Quarter_2/CPE_233/RAT_COMPLETE/SRC/Basys3_constraints.xdc]
INFO: [Project 1-236] Implementation specific constraints were found while reading constraint file [C:/Users/dgaiero/Documents/School/College/Year_2/Quarter_2/CPE_233/RAT_COMPLETE/SRC/Basys3_constraints.xdc]. These constraints will be ignored for synthesis but will be used in implementation. Impacted constraints are listed in the file [.Xil/RAT_wrapper_propImpl.xdc].
Resolution: To avoid this warning, move constraints listed in [.Xil/RAT_wrapper_propImpl.xdc] to another XDC file and exclude this new file from synthesis with the used_in_synthesis property (File Properties dialog in GUI) and re-run elaboration/synthesis.
Completed Processing XDC Constraints

INFO: [Project 1-111] Unisim Transformation Summary:
  A total of 1 instances were transformed.
  RAMB16_S18 => RAMB18E1: 1 instances

Constraint Validation Runtime : Time (s): cpu = 00:00:00 ; elapsed = 00:00:00.006 . Memory (MB): peak = 656.063 ; gain = 0.000
---------------------------------------------------------------------------------
Finished Constraint Validation : Time (s): cpu = 00:00:20 ; elapsed = 00:00:22 . Memory (MB): peak = 656.063 ; gain = 434.117
---------------------------------------------------------------------------------
---------------------------------------------------------------------------------
Start Loading Part and Timing Information
---------------------------------------------------------------------------------
Loading part: xc7a35tcpg236-1
---------------------------------------------------------------------------------
Finished Loading Part and Timing Information : Time (s): cpu = 00:00:20 ; elapsed = 00:00:22 . Memory (MB): peak = 656.063 ; gain = 434.117
---------------------------------------------------------------------------------
---------------------------------------------------------------------------------
Start Applying 'set_property' XDC Constraints
---------------------------------------------------------------------------------
---------------------------------------------------------------------------------
Finished applying 'set_property' XDC Constraints : Time (s): cpu = 00:00:20 ; elapsed = 00:00:22 . Memory (MB): peak = 656.063 ; gain = 434.117
---------------------------------------------------------------------------------
INFO: [Synth 8-5546] ROM "I_SET" won't be mapped to RAM because it is too sparse
INFO: [Synth 8-5546] ROM "I_CLR" won't be mapped to RAM because it is too sparse
INFO: [Synth 8-5546] ROM "PC_MUX_SEL" won't be mapped to RAM because it is too sparse
INFO: [Synth 8-5546] ROM "ALU_OPY_SEL" won't be mapped to RAM because it is too sparse
INFO: [Synth 8-5546] ROM "ALU_SEL" won't be mapped to RAM because it is too sparse
INFO: [Synth 8-5546] ROM "RF_WR_SEL" won't be mapped to RAM because it is too sparse
INFO: [Synth 8-5546] ROM "SP_LD" won't be mapped to RAM because it is too sparse
INFO: [Synth 8-5546] ROM "SP_INC" won't be mapped to RAM because it is too sparse
INFO: [Synth 8-5546] ROM "SP_DECR" won't be mapped to RAM because it is too sparse
INFO: [Synth 8-5546] ROM "SCR_WE" won't be mapped to RAM because it is too sparse
INFO: [Synth 8-5546] ROM "SCR_ADDR_SEL" won't be mapped to RAM because it is too sparse
INFO: [Synth 8-5546] ROM "SCR_DATA_SEL" won't be mapped to RAM because it is too sparse
INFO: [Synth 8-5546] ROM "FLG_C_SET" won't be mapped to RAM because it is too sparse
INFO: [Synth 8-5546] ROM "FLG_C_CLR" won't be mapped to RAM because it is too sparse
INFO: [Synth 8-5546] ROM "FLG_LD_SEL" won't be mapped to RAM because it is too sparse
INFO: [Synth 8-5546] ROM "IO_STRB" won't be mapped to RAM because it is too sparse
INFO: [Synth 8-5818] HDL ADVISOR - The operator resource <adder> is shared. To prevent sharing consider applying a KEEP on the output of the operator [C:/Users/dgaiero/Documents/School/College/Year_2/Quarter_2/CPE_233/RAT_COMPLETE/SRC/ALU.vhd:31]
WARNING: [Synth 8-6014] Unused sequential element PC_COUNT_TMP_reg was removed.  [C:/Users/dgaiero/Documents/School/College/Year_2/Quarter_2/CPE_233/RAT_COMPLETE/SRC/program_counter.vhd:48]
INFO: [Synth 8-5818] HDL ADVISOR - The operator resource <adder> is shared. To prevent sharing consider applying a KEEP on the output of the operator [C:/Users/dgaiero/Documents/School/College/Year_2/Quarter_2/CPE_233/RAT_COMPLETE/SRC/stack_pointer.vhd:48]
WARNING: [Synth 8-6014] Unused sequential element SP_COUNT_TMP_reg was removed.  [C:/Users/dgaiero/Documents/School/College/Year_2/Quarter_2/CPE_233/RAT_COMPLETE/SRC/stack_pointer.vhd:49]
INFO: [Synth 8-5544] ROM "MMSD_OUT" won't be mapped to Block RAM because address size (4) smaller than threshold (5)
INFO: [Synth 8-5545] ROM "tmp_clk" won't be mapped to RAM because address size (32) is larger than maximum supported(25)
INFO: [Synth 8-5545] ROM "div_cnt" won't be mapped to RAM because address size (32) is larger than maximum supported(25)
INFO: [Synth 8-5546] ROM "r_LEDS" won't be mapped to RAM because it is too sparse
---------------------------------------------------------------------------------
Finished RTL Optimization Phase 2 : Time (s): cpu = 00:00:21 ; elapsed = 00:00:24 . Memory (MB): peak = 656.063 ; gain = 434.117
---------------------------------------------------------------------------------

Report RTL Partitions: 
+-+--------------+------------+----------+
| |RTL Partition |Replication |Instances |
+-+--------------+------------+----------+
+-+--------------+------------+----------+
---------------------------------------------------------------------------------
Start RTL Component Statistics 
---------------------------------------------------------------------------------
Detailed RTL Component Info : 
+---Adders : 
	   2 Input     32 Bit       Adders := 1     
	   2 Input     10 Bit       Adders := 1     
	   2 Input      9 Bit       Adders := 1     
	   3 Input      9 Bit       Adders := 2     
	   2 Input      8 Bit       Adders := 12    
	   2 Input      4 Bit       Adders := 7     
	   2 Input      3 Bit       Adders := 1     
	   2 Input      2 Bit       Adders := 3     
+---XORs : 
	   2 Input      8 Bit         XORs := 1     
+---Registers : 
	               32 Bit    Registers := 1     
	               10 Bit    Registers := 1     
	                8 Bit    Registers := 5     
	                2 Bit    Registers := 2     
	                1 Bit    Registers := 15    
+---Muxes : 
	   2 Input     32 Bit        Muxes := 1     
	   4 Input     10 Bit        Muxes := 1     
	   2 Input     10 Bit        Muxes := 2     
	  16 Input      9 Bit        Muxes := 2     
	   5 Input      8 Bit        Muxes := 2     
	   2 Input      8 Bit        Muxes := 22    
	  51 Input      4 Bit        Muxes := 1     
	   2 Input      4 Bit        Muxes := 17    
	   5 Input      4 Bit        Muxes := 1     
	   4 Input      4 Bit        Muxes := 1     
	   2 Input      3 Bit        Muxes := 2     
	  48 Input      2 Bit        Muxes := 1     
	   4 Input      2 Bit        Muxes := 3     
	  51 Input      2 Bit        Muxes := 2     
	   2 Input      2 Bit        Muxes := 5     
	  51 Input      1 Bit        Muxes := 12    
	  48 Input      1 Bit        Muxes := 2     
	   4 Input      1 Bit        Muxes := 8     
	   2 Input      1 Bit        Muxes := 17    
	   3 Input      1 Bit        Muxes := 1     
	   5 Input      1 Bit        Muxes := 1     
---------------------------------------------------------------------------------
Finished RTL Component Statistics 
---------------------------------------------------------------------------------
---------------------------------------------------------------------------------
Start RTL Hierarchical Component Statistics 
---------------------------------------------------------------------------------
Hierarchical RTL Component report 
Module RAT_wrapper 
Detailed RTL Component Info : 
+---Registers : 
	                8 Bit    Registers := 4     
	                1 Bit    Registers := 1     
+---Muxes : 
	   2 Input      8 Bit        Muxes := 1     
	   2 Input      1 Bit        Muxes := 1     
	   3 Input      1 Bit        Muxes := 1     
	   5 Input      1 Bit        Muxes := 1     
	   4 Input      1 Bit        Muxes := 1     
Module CONTROL_UNIT 
Detailed RTL Component Info : 
+---Registers : 
	                2 Bit    Registers := 1     
+---Muxes : 
	  51 Input      4 Bit        Muxes := 1     
	  48 Input      2 Bit        Muxes := 1     
	   4 Input      2 Bit        Muxes := 2     
	  51 Input      2 Bit        Muxes := 2     
	  51 Input      1 Bit        Muxes := 12    
	  48 Input      1 Bit        Muxes := 2     
	   4 Input      1 Bit        Muxes := 7     
Module I_FLAG_FF 
Detailed RTL Component Info : 
+---Registers : 
	                1 Bit    Registers := 1     
Module C_FLG_MUX 
Detailed RTL Component Info : 
+---Muxes : 
	   2 Input      1 Bit        Muxes := 1     
Module C_FLAG_FF 
Detailed RTL Component Info : 
+---Registers : 
	                1 Bit    Registers := 1     
+---Muxes : 
	   2 Input      1 Bit        Muxes := 3     
Module SHAD_C 
Detailed RTL Component Info : 
+---Registers : 
	                1 Bit    Registers := 1     
Module Z_FLAG_FF 
Detailed RTL Component Info : 
+---Registers : 
	                1 Bit    Registers := 1     
Module Z_FLG_MUX 
Detailed RTL Component Info : 
+---Muxes : 
	   2 Input      1 Bit        Muxes := 1     
Module SHAD_Z 
Detailed RTL Component Info : 
+---Registers : 
	                1 Bit    Registers := 1     
Module REG_MUX 
Detailed RTL Component Info : 
+---Muxes : 
	   5 Input      8 Bit        Muxes := 1     
Module ALU_MUX 
Detailed RTL Component Info : 
+---Muxes : 
	   2 Input      8 Bit        Muxes := 1     
Module ALU 
Detailed RTL Component Info : 
+---Adders : 
	   2 Input      9 Bit       Adders := 1     
	   3 Input      9 Bit       Adders := 2     
+---XORs : 
	   2 Input      8 Bit         XORs := 1     
+---Muxes : 
	  16 Input      9 Bit        Muxes := 2     
Module pc_mux 
Detailed RTL Component Info : 
+---Muxes : 
	   4 Input     10 Bit        Muxes := 1     
Module program_counter 
Detailed RTL Component Info : 
+---Adders : 
	   2 Input     10 Bit       Adders := 1     
+---Registers : 
	               10 Bit    Registers := 1     
+---Muxes : 
	   2 Input     10 Bit        Muxes := 1     
	   2 Input      1 Bit        Muxes := 1     
Module stack_pointer 
Detailed RTL Component Info : 
+---Adders : 
	   2 Input      8 Bit       Adders := 1     
+---Registers : 
	                8 Bit    Registers := 1     
+---Muxes : 
	   2 Input      8 Bit        Muxes := 1     
	   2 Input      2 Bit        Muxes := 1     
	   2 Input      1 Bit        Muxes := 2     
Module SCR_DATA_MUX 
Detailed RTL Component Info : 
+---Muxes : 
	   2 Input     10 Bit        Muxes := 1     
Module SCR_ADDR_MUX 
Detailed RTL Component Info : 
+---Adders : 
	   2 Input      8 Bit       Adders := 1     
+---Muxes : 
	   5 Input      8 Bit        Muxes := 1     
Module bin2bcdconv 
Detailed RTL Component Info : 
+---Adders : 
	   2 Input      8 Bit       Adders := 10    
	   2 Input      4 Bit       Adders := 7     
	   2 Input      3 Bit       Adders := 1     
	   2 Input      2 Bit       Adders := 2     
+---Muxes : 
	   2 Input      8 Bit        Muxes := 19    
	   2 Input      4 Bit        Muxes := 14    
	   2 Input      3 Bit        Muxes := 2     
	   2 Input      2 Bit        Muxes := 4     
	   4 Input      2 Bit        Muxes := 1     
	   2 Input      1 Bit        Muxes := 7     
Module clk_div 
Detailed RTL Component Info : 
+---Adders : 
	   2 Input     32 Bit       Adders := 1     
+---Registers : 
	               32 Bit    Registers := 1     
	                1 Bit    Registers := 1     
+---Muxes : 
	   2 Input     32 Bit        Muxes := 1     
	   2 Input      1 Bit        Muxes := 1     
Module sseg_dec 
Detailed RTL Component Info : 
+---Adders : 
	   2 Input      2 Bit       Adders := 1     
+---Registers : 
	                2 Bit    Registers := 1     
+---Muxes : 
	   5 Input      4 Bit        Muxes := 1     
	   2 Input      4 Bit        Muxes := 3     
	   4 Input      4 Bit        Muxes := 1     
Module I_FLAG_DVR_FF 
Detailed RTL Component Info : 
+---Registers : 
	                1 Bit    Registers := 1     
---------------------------------------------------------------------------------
Finished RTL Hierarchical Component Statistics
---------------------------------------------------------------------------------
---------------------------------------------------------------------------------
Start Part Resource Summary
---------------------------------------------------------------------------------
Part Resources:
DSPs: 90 (col length:60)
BRAMs: 100 (col length: RAMB18 60 RAMB36 30)
---------------------------------------------------------------------------------
Finished Part Resource Summary
---------------------------------------------------------------------------------
---------------------------------------------------------------------------------
Start Cross Boundary and Area Optimization
---------------------------------------------------------------------------------
INFO: [Synth 8-5546] ROM "CPU/CU/PC_MUX_SEL" won't be mapped to RAM because it is too sparse
INFO: [Synth 8-5545] ROM "sseg_dec_i/my_clk/div_cnt" won't be mapped to RAM because address size (32) is larger than maximum supported(25)
INFO: [Synth 8-5545] ROM "sseg_dec_i/my_clk/tmp_clk" won't be mapped to RAM because address size (32) is larger than maximum supported(25)
INFO: [Synth 8-5546] ROM "r_LEDS" won't be mapped to RAM because it is too sparse
INFO: [Synth 8-5546] ROM "O360" won't be mapped to RAM because it is too sparse
INFO: [Synth 8-5546] ROM "p_0_out" won't be mapped to RAM because it is too sparse
INFO: [Synth 8-5546] ROM "p_0_out" won't be mapped to RAM because it is too sparse
WARNING: [Synth 8-6014] Unused sequential element CPU/PC/PC_COUNT_TMP_reg was removed.  [C:/Users/dgaiero/Documents/School/College/Year_2/Quarter_2/CPE_233/RAT_COMPLETE/SRC/program_counter.vhd:48]
WARNING: [Synth 8-6014] Unused sequential element CPU/stack_pointer_i/SP_COUNT_TMP_reg was removed.  [C:/Users/dgaiero/Documents/School/College/Year_2/Quarter_2/CPE_233/RAT_COMPLETE/SRC/stack_pointer.vhd:49]
---------------------------------------------------------------------------------
Finished Cross Boundary and Area Optimization : Time (s): cpu = 00:00:32 ; elapsed = 00:00:34 . Memory (MB): peak = 656.063 ; gain = 434.117
---------------------------------------------------------------------------------
---------------------------------------------------------------------------------
Start ROM, RAM, DSP and Shift Register Reporting
---------------------------------------------------------------------------------

ROM:
+-------------+-----------------+---------------+----------------+
|Module Name  | RTL Object      | Depth x Width | Implemented As | 
+-------------+-----------------+---------------+----------------+
|CONTROL_UNIT | RF_WR           | 128x1         | LUT            | 
|CONTROL_UNIT | FLG_C_LD        | 128x1         | LUT            | 
|CONTROL_UNIT | FLG_Z_LD        | 128x1         | LUT            | 
|RAT_wrapper  | CPU/CU/RF_WR    | 128x1         | LUT            | 
|RAT_wrapper  | CPU/CU/FLG_C_LD | 128x1         | LUT            | 
|RAT_wrapper  | CPU/CU/FLG_Z_LD | 128x1         | LUT            | 
+-------------+-----------------+---------------+----------------+


Distributed RAM: Preliminary Mapping  Report (see note below)
+------------+------------------------------------+-----------+----------------------+------------------+
|Module Name | RTL Object                         | Inference | Size (Depth x Width) | Primitives       | 
+------------+------------------------------------+-----------+----------------------+------------------+
|RAT_wrapper | CPU/SCRATCH_RAM_i/memoryModule_reg | Implied   | 256 x 10             | RAM256X1S x 10   | 
|RAT_wrapper | CPU/REG_FILE_i/memoryModule_reg    | Implied   | 32 x 8               | RAM32X1D x 8     | 
+------------+------------------------------------+-----------+----------------------+------------------+

Note: The table above is a preliminary report that shows the Distributed RAMs at the current stage of the synthesis flow. Some Distributed RAMs may be reimplemented as non Distributed RAM primitives later in the synthesis flow. Multiple instantiated RAMs are reported only once.
---------------------------------------------------------------------------------
Finished ROM, RAM, DSP and Shift Register Reporting
---------------------------------------------------------------------------------

Report RTL Partitions: 
+-+--------------+------------+----------+
| |RTL Partition |Replication |Instances |
+-+--------------+------------+----------+
+-+--------------+------------+----------+
---------------------------------------------------------------------------------
Start Applying XDC Timing Constraints
---------------------------------------------------------------------------------
---------------------------------------------------------------------------------
Finished Applying XDC Timing Constraints : Time (s): cpu = 00:00:46 ; elapsed = 00:00:49 . Memory (MB): peak = 702.895 ; gain = 480.949
---------------------------------------------------------------------------------
---------------------------------------------------------------------------------
Start Timing Optimization
---------------------------------------------------------------------------------
---------------------------------------------------------------------------------
Finished Timing Optimization : Time (s): cpu = 00:00:47 ; elapsed = 00:00:49 . Memory (MB): peak = 716.313 ; gain = 494.367
---------------------------------------------------------------------------------

Report RTL Partitions: 
+-+--------------+------------+----------+
| |RTL Partition |Replication |Instances |
+-+--------------+------------+----------+
+-+--------------+------------+----------+
---------------------------------------------------------------------------------
Start Technology Mapping
---------------------------------------------------------------------------------
---------------------------------------------------------------------------------
Finished Technology Mapping : Time (s): cpu = 00:00:47 ; elapsed = 00:00:50 . Memory (MB): peak = 726.594 ; gain = 504.648
---------------------------------------------------------------------------------

Report RTL Partitions: 
+-+--------------+------------+----------+
| |RTL Partition |Replication |Instances |
+-+--------------+------------+----------+
+-+--------------+------------+----------+
---------------------------------------------------------------------------------
Start IO Insertion
---------------------------------------------------------------------------------
---------------------------------------------------------------------------------
Start Flattening Before IO Insertion
---------------------------------------------------------------------------------
---------------------------------------------------------------------------------
Finished Flattening Before IO Insertion
---------------------------------------------------------------------------------
---------------------------------------------------------------------------------
Start Final Netlist Cleanup
---------------------------------------------------------------------------------
---------------------------------------------------------------------------------
Finished Final Netlist Cleanup
---------------------------------------------------------------------------------
---------------------------------------------------------------------------------
Finished IO Insertion : Time (s): cpu = 00:00:48 ; elapsed = 00:00:51 . Memory (MB): peak = 726.594 ; gain = 504.648
---------------------------------------------------------------------------------

Report Check Netlist: 
+------+------------------+-------+---------+-------+------------------+
|      |Item              |Errors |Warnings |Status |Description       |
+------+------------------+-------+---------+-------+------------------+
|1     |multi_driven_nets |      0|        0|Passed |Multi driven nets |
+------+------------------+-------+---------+-------+------------------+
---------------------------------------------------------------------------------
Start Renaming Generated Instances
---------------------------------------------------------------------------------
---------------------------------------------------------------------------------
Finished Renaming Generated Instances : Time (s): cpu = 00:00:48 ; elapsed = 00:00:51 . Memory (MB): peak = 726.594 ; gain = 504.648
---------------------------------------------------------------------------------

Report RTL Partitions: 
+-+--------------+------------+----------+
| |RTL Partition |Replication |Instances |
+-+--------------+------------+----------+
+-+--------------+------------+----------+
---------------------------------------------------------------------------------
Start Rebuilding User Hierarchy
---------------------------------------------------------------------------------
---------------------------------------------------------------------------------
Finished Rebuilding User Hierarchy : Time (s): cpu = 00:00:48 ; elapsed = 00:00:51 . Memory (MB): peak = 726.594 ; gain = 504.648
---------------------------------------------------------------------------------
---------------------------------------------------------------------------------
Start Renaming Generated Ports
---------------------------------------------------------------------------------
---------------------------------------------------------------------------------
Finished Renaming Generated Ports : Time (s): cpu = 00:00:48 ; elapsed = 00:00:51 . Memory (MB): peak = 726.594 ; gain = 504.648
---------------------------------------------------------------------------------
---------------------------------------------------------------------------------
Start Handling Custom Attributes
---------------------------------------------------------------------------------
---------------------------------------------------------------------------------
Finished Handling Custom Attributes : Time (s): cpu = 00:00:48 ; elapsed = 00:00:51 . Memory (MB): peak = 726.594 ; gain = 504.648
---------------------------------------------------------------------------------
---------------------------------------------------------------------------------
Start Renaming Generated Nets
---------------------------------------------------------------------------------
---------------------------------------------------------------------------------
Finished Renaming Generated Nets : Time (s): cpu = 00:00:48 ; elapsed = 00:00:51 . Memory (MB): peak = 726.594 ; gain = 504.648
---------------------------------------------------------------------------------
---------------------------------------------------------------------------------
Start Writing Synthesis Report
---------------------------------------------------------------------------------

Report BlackBoxes: 
+-+--------------+----------+
| |BlackBox name |Instances |
+-+--------------+----------+
+-+--------------+----------+

Report Cell Usage: 
+------+-----------+------+
|      |Cell       |Count |
+------+-----------+------+
|1     |BUFG       |     2|
|2     |CARRY4     |    19|
|3     |LUT1       |    34|
|4     |LUT2       |    27|
|5     |LUT3       |    32|
|6     |LUT4       |    66|
|7     |LUT5       |    63|
|8     |LUT6       |   114|
|9     |MUXF7      |    26|
|10    |MUXF8      |     8|
|11    |RAM256X1S  |    10|
|12    |RAM32X1D   |     8|
|13    |RAMB16_S18 |     1|
|14    |FDRE       |   101|
|15    |IBUF       |    18|
|16    |OBUF       |    20|
+------+-----------+------+

Report Instance Areas: 
+------+------------------------+------------------+------+
|      |Instance                |Module            |Cells |
+------+------------------------+------------------+------+
|1     |top                     |                  |   549|
|2     |  CPU                   |RAT_MCU           |   317|
|3     |    ALU_i               |ALU               |    29|
|4     |    CU                  |CONTROL_UNIT      |    39|
|5     |    FLAGS_i             |FLAGS             |     7|
|6     |      C_FLAG_FF_i       |C_FLAG_FF         |     2|
|7     |      SHAD_C_i          |SHAD_C            |     1|
|8     |      SHAD_Z_i          |SHAD_Z            |     2|
|9     |      Z_FLAG_FF_i       |Z_FLAG_FF         |     2|
|10    |    INTURREPT_WRAPPER_i |INTURREPT_WRAPPER |     1|
|11    |      I_FLAG_FF_i       |I_FLAG_FF         |     1|
|12    |    PC                  |program_counter   |    28|
|13    |    REG_FILE_i          |REG_FILE          |    34|
|14    |    SCRATCH_RAM_i       |SCRATCH_RAM       |    10|
|15    |    prog_rom_i          |prog_rom          |   146|
|16    |    stack_pointer_i     |stack_pointer     |    23|
|17    |  int_dvr_i             |Interrupt_Driver  |    18|
|18    |    I_FLAG_FF_0         |I_FLAG_DVR_FF     |     2|
|19    |    I_FLAG_FF_1         |I_FLAG_DVR_FF_0   |     2|
|20    |    I_FLAG_FF_2         |I_FLAG_DVR_FF_1   |     2|
|21    |    I_FLAG_FF_3         |I_FLAG_DVR_FF_2   |     2|
|22    |    I_FLAG_FF_4         |I_FLAG_DVR_FF_3   |     2|
|23    |    I_FLAG_FF_5         |I_FLAG_DVR_FF_4   |     2|
|24    |    I_FLAG_FF_6         |I_FLAG_DVR_FF_5   |     4|
|25    |    I_FLAG_FF_7         |I_FLAG_DVR_FF_6   |     2|
|26    |  sseg_dec_i            |sseg_dec          |   101|
|27    |    my_clk              |clk_div           |    83|
+------+------------------------+------------------+------+
---------------------------------------------------------------------------------
Finished Writing Synthesis Report : Time (s): cpu = 00:00:48 ; elapsed = 00:00:51 . Memory (MB): peak = 726.594 ; gain = 504.648
---------------------------------------------------------------------------------
Synthesis finished with 0 errors, 0 critical warnings and 4 warnings.
Synthesis Optimization Runtime : Time (s): cpu = 00:00:33 ; elapsed = 00:00:41 . Memory (MB): peak = 726.594 ; gain = 204.480
Synthesis Optimization Complete : Time (s): cpu = 00:00:48 ; elapsed = 00:00:51 . Memory (MB): peak = 726.594 ; gain = 504.648
INFO: [Project 1-571] Translating synthesized netlist
INFO: [Netlist 29-17] Analyzing 56 Unisim elements for replacement
INFO: [Netlist 29-28] Unisim Transformation completed in 0 CPU seconds
INFO: [Project 1-570] Preparing netlist for logic optimization
INFO: [Opt 31-138] Pushed 0 inverter(s) to 0 load pin(s).
INFO: [Project 1-111] Unisim Transformation Summary:
  A total of 19 instances were transformed.
  RAM256X1S => RAM256X1S (MUXF7, MUXF7, MUXF8, RAMS64E, RAMS64E, RAMS64E, RAMS64E): 10 instances
  RAM32X1D => RAM32X1D (RAMD32, RAMD32): 8 instances
  RAMB16_S18 => RAMB18E1: 1 instances

135 Infos, 14 Warnings, 2 Critical Warnings and 0 Errors encountered.
synth_design completed successfully
synth_design: Time (s): cpu = 00:00:51 ; elapsed = 00:00:56 . Memory (MB): peak = 726.594 ; gain = 512.406
INFO: [Common 17-1381] The checkpoint 'C:/Users/dgaiero/Documents/School/College/Year_2/Quarter_2/CPE_233/RAT_COMPLETE/VIVADO/RAT.runs/synth_1/RAT_wrapper.dcp' has been generated.
report_utilization: Time (s): cpu = 00:00:00 ; elapsed = 00:00:00.046 . Memory (MB): peak = 726.594 ; gain = 0.000
INFO: [Common 17-206] Exiting Vivado at Wed Mar  7 20:46:15 2018...
