Unable to capture context for thread 48504 in process 74444, can not generate back trace
Exception at PC 0x00007FFCDAB3BB93
Printing stacktrace...

[0]  [0x00007FFCDAB3BB93]
[1]  [0x00007FFCDAB3BB93]
[2]  [0x00007FFCDAB3B4A1]
[3]  [0x00007FFCDAB3B3EF]
[4]  [0x00007FFCDAB219FE]
[5]  [0x00007FFCDAB20ED1]
[6]  [0x00007FFCDAB20D76]
[7]  [0x00007FFCDAAC79F6]
[8]  [0x00007FFCDAAB7AFB]
[9]  [0x00007FFCDABDE90A]
[10]  [0x00007FFCDABF9F87]
[11]  [0x00007FFCDABFA05F]
[12] (BaseThreadInitThunk+0x14) [0x00007FFD7B2D1FE4]
[13] (RtlUserThreadStart+0x21) [0x00007FFD7BB4EFB1]
Done
Exception at PC 0x00007FFCDA841A52
Attemped to write at address 0x00007FFD2C09ABA4
Printing stacktrace...

[0]  [0x00007FFCDA841A52]
[1]  [0x00007FFCDA841A52]
[2]  [0x00007FFCDA841AD4]
[3]  [0x00007FFCDA983FF7]
[4]  [0x00007FFCDA869128]
[5]  [0x00007FFCDAB1DFB9]
[6]  [0x00007FFCDACEEF23]
[7]  [0x00007FFCDABFB06B]
[8]  [0x00007FFCDABF08AF]
[9]  [0x00007FFCDABF0A32]
[10] (RtlDeactivateActivationContextUnsafeFast+0x1b3) [0x00007FFD7BAF1493]
[11] (LdrShutdownProcess+0x125) [0x00007FFD7BB206B5]
[12] (RtlExitUserProcess+0xb4) [0x00007FFD7BB20574]
[13] (ExitProcess+0xa) [0x00007FFD7B2CF06A]
[14] (exit+0x75) [0x00007FFD7B779B25]
[15] (initterm_e+0x21d) [0x00007FFD7B77A16D]
[16]  [0x00000000004014CD]
[17]  [0x000000000040151B]
[18] (BaseThreadInitThunk+0x14) [0x00007FFD7B2D1FE4]
[19] (RtlUserThreadStart+0x21) [0x00007FFD7BB4EFB1]
Done
