#-----------------------------------------------------------
# Vivado v2017.2 (64-bit)
# SW Build 1909853 on Thu Jun 15 18:39:09 MDT 2017
# IP Build 1909766 on Thu Jun 15 19:58:00 MDT 2017
# Start of session at: Mon Jan 22 12:00:04 2018
# Process ID: 8776
# Current directory: C:/Users/edavis/Documents/CPE_233/HW_1/VIVADO
# Command line: vivado.exe -gui_launcher_event rodinguilauncherevent7632 C:\Users\edavis\Documents\CPE_233\HW_1\VIVADO\HW_1.xpr
# Log file: C:/Users/edavis/Documents/CPE_233/HW_1/VIVADO/vivado.log
# Journal file: C:/Users/edavis/Documents/CPE_233/HW_1/VIVADO\vivado.jou
#-----------------------------------------------------------
start_gui
open_project C:/Users/edavis/Documents/CPE_233/HW_1/VIVADO/HW_1.xpr
INFO: [Project 1-313] Project file moved from 'C:/utilities/CPE_233/HW_1/VIVADO' since last save.
Scanning sources...
Finished scanning sources
WARNING: [filemgmt 56-2] IPUserFilesDir: Could not find the directory 'C:/Users/edavis/Documents/CPE_233/HW_1/VIVADO/HW_1.ip_user_files', nor could it be found using path 'C:/utilities/CPE_233/HW_1/VIVADO/HW_1.ip_user_files'.
INFO: [IP_Flow 19-234] Refreshing IP repositories
INFO: [IP_Flow 19-1704] No user IP repositories specified
INFO: [IP_Flow 19-2313] Loaded Vivado IP repository 'C:/Xilinx_Vivado/Vivado/2017.2/data/ip'.
open_project: Time (s): cpu = 00:00:15 ; elapsed = 00:00:14 . Memory (MB): peak = 711.691 ; gain = 40.758
update_compile_order -fileset sources_1
exit
INFO: [Common 17-206] Exiting Vivado at Mon Jan 22 13:45:40 2018...
